#
# A fatal error has been detected by the Java Runtime Environment:
#
#  EXCEPTION_ACCESS_VIOLATION (0xc0000005) at pc=0x0000000000000060, pid=5436, tid=12828
#
# JRE version: OpenJDK Runtime Environment JBR-17.0.5+1-653.23-jcef (17.0.5+1) (build 17.0.5+1-b653.23)
# Java VM: OpenJDK 64-Bit Server VM JBR-17.0.5+1-653.23-jcef (17.0.5+1-b653.23, mixed mode, tiered, compressed oops, compressed class ptrs, g1 gc, windows-amd64)
# Problematic frame:
# C  0x0000000000000060
#
# No core dump will be written. Minidumps are not enabled by default on client versions of Windows
#
# If you would like to submit a bug report, please visit:
#   https://youtrack.jetbrains.com/issues/JBR
#

---------------  S U M M A R Y ------------

Command Line: --add-opens=java.base/java.util=ALL-UNNAMED --add-opens=java.base/java.lang=ALL-UNNAMED --add-opens=java.base/java.lang.invoke=ALL-UNNAMED --add-opens=java.base/java.util=ALL-UNNAMED --add-opens=java.prefs/java.util.prefs=ALL-UNNAMED --add-opens=java.prefs/java.util.prefs=ALL-UNNAMED --add-opens=java.base/java.nio.charset=ALL-UNNAMED --add-opens=java.base/java.net=ALL-UNNAMED --add-opens=java.base/java.util.concurrent.atomic=ALL-UNNAMED -XX:MaxMetaspaceSize=256m -XX:+HeapDumpOnOutOfMemoryError -Xms256m -Xmx512m -Dfile.encoding=windows-1250 -Duser.country=PL -Duser.language=pl -Duser.variant org.gradle.launcher.daemon.bootstrap.GradleDaemon 7.3

Host: AMD Ryzen 7 4800H with Radeon Graphics         , 16 cores, 31G,  Windows 11 , 64 bit Build 22621 (10.0.22621.755)
Time: Sun Jan 15 22:35:54 2023  Windows 11 , 64 bit Build 22621 (10.0.22621.755) elapsed time: 7.570327 seconds (0d 0h 0m 7s)

---------------  T H R E A D  ---------------

Current thread (0x0000019632c5e440):  JavaThread "C2 CompilerThread0" daemon [_thread_in_native, id=12828, stack(0x0000003e84c00000,0x0000003e84d00000)]


Current CompileTask:
C2:   7570 2342       4       jdk.internal.org.objectweb.asm.Frame::execute (2305 bytes)

Stack: [0x0000003e84c00000,0x0000003e84d00000],  sp=0x0000003e84cfa728,  free space=1001k
Native frames: (J=compiled Java code, j=interpreted, Vv=VM code, C=native code)
C  0x0000000000000060


siginfo: EXCEPTION_ACCESS_VIOLATION (0xc0000005), data execution prevention violation at address 0x0000000000000060


Register to memory mapping:

RIP=0x0000000000000060 is an unknown value
RAX=0x00000196339cc2c0 points into unknown readable memory: 0x00000196339cc200 | 00 c2 9c 33 96 01 00 00
RBX=0x00000196339cc280 points into unknown readable memory: 0x00000196339cc2c0 | c0 c2 9c 33 96 01 00 00
RCX=0x00000196339cc280 points into unknown readable memory: 0x00000196339cc2c0 | c0 c2 9c 33 96 01 00 00
RDX=0x0 is NULL
RSP=0x0000003e84cfa728 is pointing into the stack for thread: 0x0000019632c5e440
RBP=0x0000003e84cfab10 is pointing into the stack for thread: 0x0000019632c5e440
RSI=0x0000000000000002 is an unknown value
RDI=0x0000003e84cfa800 is pointing into the stack for thread: 0x0000019632c5e440
R8 =0x0000000000000004 is an unknown value
R9 =0x0 is NULL
R10=0x00007fff3b730000 VCRUNTIME140.dll
R11=0x00000196379cf9b0 points into unknown readable memory: 0x0000000000000000 | 00 00 00 00 00 00 00 00
R12=0x0000000000000002 is an unknown value
R13=0x0000003e84cfa7c0 is pointing into the stack for thread: 0x0000019632c5e440
R14=0x00000196339cc2e0 points into unknown readable memory: 0x00007ffed44f67c8 | c8 67 4f d4 fe 7f 00 00
R15=0x0000003e84cfa7e0 is pointing into the stack for thread: 0x0000019632c5e440


Registers:
RAX=0x00000196339cc2c0, RBX=0x00000196339cc280, RCX=0x00000196339cc280, RDX=0x0000000000000000
RSP=0x0000003e84cfa728, RBP=0x0000003e84cfab10, RSI=0x0000000000000002, RDI=0x0000003e84cfa800
R8 =0x0000000000000004, R9 =0x0000000000000000, R10=0x00007fff3b730000, R11=0x00000196379cf9b0
R12=0x0000000000000002, R13=0x0000003e84cfa7c0, R14=0x00000196339cc2e0, R15=0x0000003e84cfa7e0
RIP=0x0000000000000060, EFLAGS=0x0000000000010202

Top of Stack: (sp=0x0000003e84cfa728)
0x0000003e84cfa728:   00007ffed415a583 0000019637b0c8d0
0x0000003e84cfa738:   0000003e84cfab10 0000000000000163
0x0000003e84cfa748:   00007ffed43f8c1e 000001963215ed50
0x0000003e84cfa758:   000001961b01bcd0 0000000000000000
0x0000003e84cfa768:   0000000000000001 000001963215ed20
0x0000003e84cfa778:   0000000000089200 0000003e84cfa890
0x0000003e84cfa788:   00007ffed4159a87 0000003e84cfab10
0x0000003e84cfa798:   0000003e84cfa7e0 0000019600000002
0x0000003e84cfa7a8:   0000003e84cfa800 0000019618d70000
0x0000003e84cfa7b8:   0000019618d70000 0000019632c75880
0x0000003e84cfa7c8:   0000000000000200 00000196379ce970
0x0000003e84cfa7d8:   0000000000000165 0000000000000200
0x0000003e84cfa7e8:   00000196379cf970 0000019600000200
0x0000003e84cfa7f8:   0000019632c75880 0000019635e49c50
0x0000003e84cfa808:   0000019635e5bda0 0000019635e49c40
0x0000003e84cfa818:   0000019632c75880 0000019632c75880 

Instructions: (pc=0x0000000000000060)
0xffffffffffffff60:   


Stack slot to memory mapping:
stack at sp + 0 slots: 0x00007ffed415a583 jvm.dll
stack at sp + 1 slots: 0x0000019637b0c8d0 points into unknown readable memory: 0x00007ffed44f28f8 | f8 28 4f d4 fe 7f 00 00
stack at sp + 2 slots: 0x0000003e84cfab10 is pointing into the stack for thread: 0x0000019632c5e440
stack at sp + 3 slots: 0x0000000000000163 is an unknown value
stack at sp + 4 slots: 0x00007ffed43f8c1e jvm.dll
stack at sp + 5 slots: 0x000001963215ed50 points into unknown readable memory: 0x8000000800000001 | 01 00 00 00 08 00 00 80
stack at sp + 6 slots: 0x000001961b01bcd0 points into unknown readable memory: 0x00007ffed452d300 | 00 d3 52 d4 fe 7f 00 00
stack at sp + 7 slots: 0x0 is NULL


---------------  P R O C E S S  ---------------

Threads class SMR info:
_java_thread_list=0x000001963412f9f0, length=29, elements={
0x000001961b0051d0, 0x0000019632c1a010, 0x0000019632c1b2e0, 0x0000019632c59940,
0x0000019632c5c400, 0x0000019632c5cdb0, 0x0000019632c5d760, 0x0000019632c5e440,
0x0000019632c5eee0, 0x0000019632c87600, 0x0000019632e14420, 0x0000019632e18910,
0x0000019632e1b040, 0x0000019633e6d990, 0x0000019633c98030, 0x0000019634692420,
0x00000196351e40a0, 0x00000196345c2740, 0x0000019635697880, 0x0000019635620570,
0x00000196356200a0, 0x00000196356213e0, 0x000001963561ed60, 0x000001963561f230,
0x000001963561f700, 0x0000019635620a40, 0x000001963561fbd0, 0x0000019635620f10,
0x0000019633a38180
}

Java Threads: ( => current thread )
  0x000001961b0051d0 JavaThread "main" [_thread_blocked, id=11208, stack(0x0000003e83f00000,0x0000003e84000000)]
  0x0000019632c1a010 JavaThread "Reference Handler" daemon [_thread_blocked, id=12608, stack(0x0000003e84600000,0x0000003e84700000)]
  0x0000019632c1b2e0 JavaThread "Finalizer" daemon [_thread_blocked, id=6760, stack(0x0000003e84700000,0x0000003e84800000)]
  0x0000019632c59940 JavaThread "Signal Dispatcher" daemon [_thread_blocked, id=15156, stack(0x0000003e84800000,0x0000003e84900000)]
  0x0000019632c5c400 JavaThread "Attach Listener" daemon [_thread_blocked, id=13388, stack(0x0000003e84900000,0x0000003e84a00000)]
  0x0000019632c5cdb0 JavaThread "Service Thread" daemon [_thread_blocked, id=17716, stack(0x0000003e84a00000,0x0000003e84b00000)]
  0x0000019632c5d760 JavaThread "Monitor Deflation Thread" daemon [_thread_blocked, id=17732, stack(0x0000003e84b00000,0x0000003e84c00000)]
=>0x0000019632c5e440 JavaThread "C2 CompilerThread0" daemon [_thread_in_native, id=12828, stack(0x0000003e84c00000,0x0000003e84d00000)]
  0x0000019632c5eee0 JavaThread "C1 CompilerThread0" daemon [_thread_blocked, id=12832, stack(0x0000003e84d00000,0x0000003e84e00000)]
  0x0000019632c87600 JavaThread "Sweeper thread" daemon [_thread_blocked, id=7000, stack(0x0000003e84e00000,0x0000003e84f00000)]
  0x0000019632e14420 JavaThread "Common-Cleaner" daemon [_thread_blocked, id=9448, stack(0x0000003e84f00000,0x0000003e85000000)]
  0x0000019632e18910 JavaThread "Notification Thread" daemon [_thread_blocked, id=10336, stack(0x0000003e85000000,0x0000003e85100000)]
  0x0000019632e1b040 JavaThread "C1 CompilerThread1" daemon [_thread_blocked, id=15448, stack(0x0000003e85200000,0x0000003e85300000)]
  0x0000019633e6d990 JavaThread "C1 CompilerThread2" daemon [_thread_blocked, id=15304, stack(0x0000003e85500000,0x0000003e85600000)]
  0x0000019633c98030 JavaThread "C1 CompilerThread3" daemon [_thread_blocked, id=9656, stack(0x0000003e85600000,0x0000003e85700000)]
  0x0000019634692420 JavaThread "Daemon health stats" [_thread_blocked, id=18580, stack(0x0000003e85c00000,0x0000003e85d00000)]
  0x00000196351e40a0 JavaThread "Incoming local TCP Connector on port 49919" [_thread_in_native, id=20136, stack(0x0000003e85300000,0x0000003e85400000)]
  0x00000196345c2740 JavaThread "Daemon periodic checks" [_thread_blocked, id=20208, stack(0x0000003e85400000,0x0000003e85500000)]
  0x0000019635697880 JavaThread "Daemon" [_thread_blocked, id=20220, stack(0x0000003e85d00000,0x0000003e85e00000)]
  0x0000019635620570 JavaThread "Handler for socket connection from /127.0.0.1:49919 to /127.0.0.1:49920" [_thread_in_native, id=20224, stack(0x0000003e85e00000,0x0000003e85f00000)]
  0x00000196356200a0 JavaThread "Cancel handler" [_thread_blocked, id=20232, stack(0x0000003e85f00000,0x0000003e86000000)]
  0x00000196356213e0 JavaThread "Daemon worker" [_thread_in_vm, id=20236, stack(0x0000003e86000000,0x0000003e86100000)]
  0x000001963561ed60 JavaThread "Asynchronous log dispatcher for DefaultDaemonConnection: socket connection from /127.0.0.1:49919 to /127.0.0.1:49920" [_thread_blocked, id=20276, stack(0x0000003e86100000,0x0000003e86200000)]
  0x000001963561f230 JavaThread "Stdin handler" [_thread_blocked, id=20280, stack(0x0000003e86200000,0x0000003e86300000)]
  0x000001963561f700 JavaThread "Daemon client event forwarder" [_thread_blocked, id=20288, stack(0x0000003e86300000,0x0000003e86400000)]
  0x0000019635620a40 JavaThread "Cache worker for journal cache (C:\Users\k\.gradle\caches\journal-1)" [_thread_blocked, id=5728, stack(0x0000003e86d00000,0x0000003e86e00000)]
  0x000001963561fbd0 JavaThread "File lock request listener" [_thread_in_native, id=11852, stack(0x0000003e86e00000,0x0000003e86f00000)]
  0x0000019635620f10 JavaThread "Cache worker for file hash cache (C:\Users\k\.gradle\caches\7.3\fileHashes)" [_thread_blocked, id=20060, stack(0x0000003e86f00000,0x0000003e87000000)]
  0x0000019633a38180 JavaThread "C2 CompilerThread1" daemon [_thread_in_native, id=16560, stack(0x0000003e87000000,0x0000003e87100000)]

Other Threads:
  0x00000196322d8480 VMThread "VM Thread" [stack: 0x0000003e84500000,0x0000003e84600000] [id=12600]
  0x000001961b062a10 WatcherThread [stack: 0x0000003e85100000,0x0000003e85200000] [id=5096]
  0x000001961b033080 GCTaskThread "GC Thread#0" [stack: 0x0000003e84000000,0x0000003e84100000] [id=11260]
  0x0000019633614ac0 GCTaskThread "GC Thread#1" [stack: 0x0000003e85700000,0x0000003e85800000] [id=15248]
  0x0000019633614d70 GCTaskThread "GC Thread#2" [stack: 0x0000003e85800000,0x0000003e85900000] [id=15192]
  0x0000019632fe1340 GCTaskThread "GC Thread#3" [stack: 0x0000003e85900000,0x0000003e85a00000] [id=6288]
  0x0000019632fe15f0 GCTaskThread "GC Thread#4" [stack: 0x0000003e85a00000,0x0000003e85b00000] [id=7196]
  0x0000019632fe1cb0 GCTaskThread "GC Thread#5" [stack: 0x0000003e85b00000,0x0000003e85c00000] [id=6524]
  0x0000019635858ee0 GCTaskThread "GC Thread#6" [stack: 0x0000003e86400000,0x0000003e86500000] [id=18196]
  0x000001963557f020 GCTaskThread "GC Thread#7" [stack: 0x0000003e86500000,0x0000003e86600000] [id=18276]
  0x0000019634435600 GCTaskThread "GC Thread#8" [stack: 0x0000003e86600000,0x0000003e86700000] [id=18280]
  0x0000019633c712a0 GCTaskThread "GC Thread#9" [stack: 0x0000003e86700000,0x0000003e86800000] [id=14788]
  0x0000019635117910 GCTaskThread "GC Thread#10" [stack: 0x0000003e86800000,0x0000003e86900000] [id=18284]
  0x00000196344b80b0 GCTaskThread "GC Thread#11" [stack: 0x0000003e86900000,0x0000003e86a00000] [id=9288]
  0x0000019635444cd0 GCTaskThread "GC Thread#12" [stack: 0x0000003e86a00000,0x0000003e86b00000] [id=18204]
  0x000001961b037e60 ConcurrentGCThread "G1 Main Marker" [stack: 0x0000003e84100000,0x0000003e84200000] [id=11844]
  0x000001961b038710 ConcurrentGCThread "G1 Conc#0" [stack: 0x0000003e84200000,0x0000003e84300000] [id=11284]
  0x0000019635445790 ConcurrentGCThread "G1 Conc#1" [stack: 0x0000003e86b00000,0x0000003e86c00000] [id=18252]
  0x00000196354444c0 ConcurrentGCThread "G1 Conc#2" [stack: 0x0000003e86c00000,0x0000003e86d00000] [id=19776]
  0x000001961b0bd420 ConcurrentGCThread "G1 Refine#0" [stack: 0x0000003e84300000,0x0000003e84400000] [id=14784]
  0x000001961b0bdce0 ConcurrentGCThread "G1 Service" [stack: 0x0000003e84400000,0x0000003e84500000] [id=13748]

Threads with active compile tasks:
C2 CompilerThread0     7648 2342       4       jdk.internal.org.objectweb.asm.Frame::execute (2305 bytes)
C2 CompilerThread1     7648 2402       4       java.util.WeakHashMap::remove (131 bytes)

VM state: not at safepoint (normal execution)

VM Mutex/Monitor currently owned by a thread: None

Heap address: 0x00000000e0000000, size: 512 MB, Compressed Oops mode: 32-bit

CDS archive(s) not mapped
Compressed class space mapped at: 0x0000000100000000-0x000000010d000000, reserved size: 218103808
Narrow klass base: 0x0000000000000000, Narrow klass shift: 3, Narrow klass range: 0x10d000000

GC Precious Log:
 CPUs: 16 total, 16 available
 Memory: 32125M
 Large Page Support: Disabled
 NUMA Support: Disabled
 Compressed Oops: Enabled (32-bit)
 Heap Region Size: 1M
 Heap Min Capacity: 256M
 Heap Initial Capacity: 256M
 Heap Max Capacity: 512M
 Pre-touch: Disabled
 Parallel Workers: 13
 Concurrent Workers: 3
 Concurrent Refinement Workers: 13
 Periodic GC: Disabled

Heap:
 garbage-first heap   total 262144K, used 47435K [0x00000000e0000000, 0x0000000100000000)
  region size 1024K, 40 young (40960K), 9 survivors (9216K)
 Metaspace       used 26063K, committed 26304K, reserved 237568K
  class space    used 3363K, committed 3456K, reserved 212992K

Heap Regions: E=young(eden), S=young(survivor), O=old, HS=humongous(starts), HC=humongous(continues), CS=collection set, F=free, OA=open archive, CA=closed archive, TAMS=top-at-mark-start (previous, next)
|   0|0x00000000e0000000, 0x00000000e0000000, 0x00000000e0100000|  0%| F|  |TAMS 0x00000000e0000000, 0x00000000e0000000| Untracked 
|   1|0x00000000e0100000, 0x00000000e0200000, 0x00000000e0200000|100%| O|  |TAMS 0x00000000e0200000, 0x00000000e0100000| Untracked 
|   2|0x00000000e0200000, 0x00000000e0300000, 0x00000000e0300000|100%| O|  |TAMS 0x00000000e0300000, 0x00000000e0200000| Untracked 
|   3|0x00000000e0300000, 0x00000000e0400000, 0x00000000e0400000|100%|HS|  |TAMS 0x00000000e0400000, 0x00000000e0300000| Complete 
|   4|0x00000000e0400000, 0x00000000e0500000, 0x00000000e0500000|100%|HC|  |TAMS 0x00000000e0500000, 0x00000000e0400000| Complete 
|   5|0x00000000e0500000, 0x00000000e0600000, 0x00000000e0600000|100%|HC|  |TAMS 0x00000000e0600000, 0x00000000e0500000| Complete 
|   6|0x00000000e0600000, 0x00000000e0700000, 0x00000000e0700000|100%| O|  |TAMS 0x00000000e0700000, 0x00000000e0600000| Untracked 
|   7|0x00000000e0700000, 0x00000000e0800000, 0x00000000e0800000|100%| O|  |TAMS 0x00000000e0800000, 0x00000000e0700000| Untracked 
|   8|0x00000000e0800000, 0x00000000e0900000, 0x00000000e0900000|100%| O|  |TAMS 0x00000000e0900000, 0x00000000e0800000| Untracked 
|   9|0x00000000e0900000, 0x00000000e09f6800, 0x00000000e0a00000| 96%| O|  |TAMS 0x00000000e09f6800, 0x00000000e0900000| Untracked 
|  10|0x00000000e0a00000, 0x00000000e0a00000, 0x00000000e0b00000|  0%| F|  |TAMS 0x00000000e0a00000, 0x00000000e0a00000| Untracked 
|  11|0x00000000e0b00000, 0x00000000e0b00000, 0x00000000e0c00000|  0%| F|  |TAMS 0x00000000e0b00000, 0x00000000e0b00000| Untracked 
|  12|0x00000000e0c00000, 0x00000000e0c00000, 0x00000000e0d00000|  0%| F|  |TAMS 0x00000000e0c00000, 0x00000000e0c00000| Untracked 
|  13|0x00000000e0d00000, 0x00000000e0d00000, 0x00000000e0e00000|  0%| F|  |TAMS 0x00000000e0d00000, 0x00000000e0d00000| Untracked 
|  14|0x00000000e0e00000, 0x00000000e0e00000, 0x00000000e0f00000|  0%| F|  |TAMS 0x00000000e0e00000, 0x00000000e0e00000| Untracked 
|  15|0x00000000e0f00000, 0x00000000e0f00000, 0x00000000e1000000|  0%| F|  |TAMS 0x00000000e0f00000, 0x00000000e0f00000| Untracked 
|  16|0x00000000e1000000, 0x00000000e1000000, 0x00000000e1100000|  0%| F|  |TAMS 0x00000000e1000000, 0x00000000e1000000| Untracked 
|  17|0x00000000e1100000, 0x00000000e1100000, 0x00000000e1200000|  0%| F|  |TAMS 0x00000000e1100000, 0x00000000e1100000| Untracked 
|  18|0x00000000e1200000, 0x00000000e1200000, 0x00000000e1300000|  0%| F|  |TAMS 0x00000000e1200000, 0x00000000e1200000| Untracked 
|  19|0x00000000e1300000, 0x00000000e1300000, 0x00000000e1400000|  0%| F|  |TAMS 0x00000000e1300000, 0x00000000e1300000| Untracked 
|  20|0x00000000e1400000, 0x00000000e1400000, 0x00000000e1500000|  0%| F|  |TAMS 0x00000000e1400000, 0x00000000e1400000| Untracked 
|  21|0x00000000e1500000, 0x00000000e1500000, 0x00000000e1600000|  0%| F|  |TAMS 0x00000000e1500000, 0x00000000e1500000| Untracked 
|  22|0x00000000e1600000, 0x00000000e1600000, 0x00000000e1700000|  0%| F|  |TAMS 0x00000000e1600000, 0x00000000e1600000| Untracked 
|  23|0x00000000e1700000, 0x00000000e1700000, 0x00000000e1800000|  0%| F|  |TAMS 0x00000000e1700000, 0x00000000e1700000| Untracked 
|  24|0x00000000e1800000, 0x00000000e1800000, 0x00000000e1900000|  0%| F|  |TAMS 0x00000000e1800000, 0x00000000e1800000| Untracked 
|  25|0x00000000e1900000, 0x00000000e1900000, 0x00000000e1a00000|  0%| F|  |TAMS 0x00000000e1900000, 0x00000000e1900000| Untracked 
|  26|0x00000000e1a00000, 0x00000000e1a00000, 0x00000000e1b00000|  0%| F|  |TAMS 0x00000000e1a00000, 0x00000000e1a00000| Untracked 
|  27|0x00000000e1b00000, 0x00000000e1b00000, 0x00000000e1c00000|  0%| F|  |TAMS 0x00000000e1b00000, 0x00000000e1b00000| Untracked 
|  28|0x00000000e1c00000, 0x00000000e1c00000, 0x00000000e1d00000|  0%| F|  |TAMS 0x00000000e1c00000, 0x00000000e1c00000| Untracked 
|  29|0x00000000e1d00000, 0x00000000e1d00000, 0x00000000e1e00000|  0%| F|  |TAMS 0x00000000e1d00000, 0x00000000e1d00000| Untracked 
|  30|0x00000000e1e00000, 0x00000000e1e00000, 0x00000000e1f00000|  0%| F|  |TAMS 0x00000000e1e00000, 0x00000000e1e00000| Untracked 
|  31|0x00000000e1f00000, 0x00000000e1f00000, 0x00000000e2000000|  0%| F|  |TAMS 0x00000000e1f00000, 0x00000000e1f00000| Untracked 
|  32|0x00000000e2000000, 0x00000000e2000000, 0x00000000e2100000|  0%| F|  |TAMS 0x00000000e2000000, 0x00000000e2000000| Untracked 
|  33|0x00000000e2100000, 0x00000000e2100000, 0x00000000e2200000|  0%| F|  |TAMS 0x00000000e2100000, 0x00000000e2100000| Untracked 
|  34|0x00000000e2200000, 0x00000000e2200000, 0x00000000e2300000|  0%| F|  |TAMS 0x00000000e2200000, 0x00000000e2200000| Untracked 
|  35|0x00000000e2300000, 0x00000000e2300000, 0x00000000e2400000|  0%| F|  |TAMS 0x00000000e2300000, 0x00000000e2300000| Untracked 
|  36|0x00000000e2400000, 0x00000000e2400000, 0x00000000e2500000|  0%| F|  |TAMS 0x00000000e2400000, 0x00000000e2400000| Untracked 
|  37|0x00000000e2500000, 0x00000000e2500000, 0x00000000e2600000|  0%| F|  |TAMS 0x00000000e2500000, 0x00000000e2500000| Untracked 
|  38|0x00000000e2600000, 0x00000000e2600000, 0x00000000e2700000|  0%| F|  |TAMS 0x00000000e2600000, 0x00000000e2600000| Untracked 
|  39|0x00000000e2700000, 0x00000000e2700000, 0x00000000e2800000|  0%| F|  |TAMS 0x00000000e2700000, 0x00000000e2700000| Untracked 
|  40|0x00000000e2800000, 0x00000000e2800000, 0x00000000e2900000|  0%| F|  |TAMS 0x00000000e2800000, 0x00000000e2800000| Untracked 
|  41|0x00000000e2900000, 0x00000000e2900000, 0x00000000e2a00000|  0%| F|  |TAMS 0x00000000e2900000, 0x00000000e2900000| Untracked 
|  42|0x00000000e2a00000, 0x00000000e2a00000, 0x00000000e2b00000|  0%| F|  |TAMS 0x00000000e2a00000, 0x00000000e2a00000| Untracked 
|  43|0x00000000e2b00000, 0x00000000e2b00000, 0x00000000e2c00000|  0%| F|  |TAMS 0x00000000e2b00000, 0x00000000e2b00000| Untracked 
|  44|0x00000000e2c00000, 0x00000000e2c00000, 0x00000000e2d00000|  0%| F|  |TAMS 0x00000000e2c00000, 0x00000000e2c00000| Untracked 
|  45|0x00000000e2d00000, 0x00000000e2d00000, 0x00000000e2e00000|  0%| F|  |TAMS 0x00000000e2d00000, 0x00000000e2d00000| Untracked 
|  46|0x00000000e2e00000, 0x00000000e2e00000, 0x00000000e2f00000|  0%| F|  |TAMS 0x00000000e2e00000, 0x00000000e2e00000| Untracked 
|  47|0x00000000e2f00000, 0x00000000e2f00000, 0x00000000e3000000|  0%| F|  |TAMS 0x00000000e2f00000, 0x00000000e2f00000| Untracked 
|  48|0x00000000e3000000, 0x00000000e3000000, 0x00000000e3100000|  0%| F|  |TAMS 0x00000000e3000000, 0x00000000e3000000| Untracked 
|  49|0x00000000e3100000, 0x00000000e3100000, 0x00000000e3200000|  0%| F|  |TAMS 0x00000000e3100000, 0x00000000e3100000| Untracked 
|  50|0x00000000e3200000, 0x00000000e3200000, 0x00000000e3300000|  0%| F|  |TAMS 0x00000000e3200000, 0x00000000e3200000| Untracked 
|  51|0x00000000e3300000, 0x00000000e3300000, 0x00000000e3400000|  0%| F|  |TAMS 0x00000000e3300000, 0x00000000e3300000| Untracked 
|  52|0x00000000e3400000, 0x00000000e3400000, 0x00000000e3500000|  0%| F|  |TAMS 0x00000000e3400000, 0x00000000e3400000| Untracked 
|  53|0x00000000e3500000, 0x00000000e3500000, 0x00000000e3600000|  0%| F|  |TAMS 0x00000000e3500000, 0x00000000e3500000| Untracked 
|  54|0x00000000e3600000, 0x00000000e3600000, 0x00000000e3700000|  0%| F|  |TAMS 0x00000000e3600000, 0x00000000e3600000| Untracked 
|  55|0x00000000e3700000, 0x00000000e3700000, 0x00000000e3800000|  0%| F|  |TAMS 0x00000000e3700000, 0x00000000e3700000| Untracked 
|  56|0x00000000e3800000, 0x00000000e3800000, 0x00000000e3900000|  0%| F|  |TAMS 0x00000000e3800000, 0x00000000e3800000| Untracked 
|  57|0x00000000e3900000, 0x00000000e3900000, 0x00000000e3a00000|  0%| F|  |TAMS 0x00000000e3900000, 0x00000000e3900000| Untracked 
|  58|0x00000000e3a00000, 0x00000000e3a00000, 0x00000000e3b00000|  0%| F|  |TAMS 0x00000000e3a00000, 0x00000000e3a00000| Untracked 
|  59|0x00000000e3b00000, 0x00000000e3b00000, 0x00000000e3c00000|  0%| F|  |TAMS 0x00000000e3b00000, 0x00000000e3b00000| Untracked 
|  60|0x00000000e3c00000, 0x00000000e3c00000, 0x00000000e3d00000|  0%| F|  |TAMS 0x00000000e3c00000, 0x00000000e3c00000| Untracked 
|  61|0x00000000e3d00000, 0x00000000e3d00000, 0x00000000e3e00000|  0%| F|  |TAMS 0x00000000e3d00000, 0x00000000e3d00000| Untracked 
|  62|0x00000000e3e00000, 0x00000000e3e00000, 0x00000000e3f00000|  0%| F|  |TAMS 0x00000000e3e00000, 0x00000000e3e00000| Untracked 
|  63|0x00000000e3f00000, 0x00000000e3f00000, 0x00000000e4000000|  0%| F|  |TAMS 0x00000000e3f00000, 0x00000000e3f00000| Untracked 
|  64|0x00000000e4000000, 0x00000000e4000000, 0x00000000e4100000|  0%| F|  |TAMS 0x00000000e4000000, 0x00000000e4000000| Untracked 
|  65|0x00000000e4100000, 0x00000000e4100000, 0x00000000e4200000|  0%| F|  |TAMS 0x00000000e4100000, 0x00000000e4100000| Untracked 
|  66|0x00000000e4200000, 0x00000000e4200000, 0x00000000e4300000|  0%| F|  |TAMS 0x00000000e4200000, 0x00000000e4200000| Untracked 
|  67|0x00000000e4300000, 0x00000000e4300000, 0x00000000e4400000|  0%| F|  |TAMS 0x00000000e4300000, 0x00000000e4300000| Untracked 
|  68|0x00000000e4400000, 0x00000000e4400000, 0x00000000e4500000|  0%| F|  |TAMS 0x00000000e4400000, 0x00000000e4400000| Untracked 
|  69|0x00000000e4500000, 0x00000000e4500000, 0x00000000e4600000|  0%| F|  |TAMS 0x00000000e4500000, 0x00000000e4500000| Untracked 
|  70|0x00000000e4600000, 0x00000000e4600000, 0x00000000e4700000|  0%| F|  |TAMS 0x00000000e4600000, 0x00000000e4600000| Untracked 
|  71|0x00000000e4700000, 0x00000000e4700000, 0x00000000e4800000|  0%| F|  |TAMS 0x00000000e4700000, 0x00000000e4700000| Untracked 
|  72|0x00000000e4800000, 0x00000000e4800000, 0x00000000e4900000|  0%| F|  |TAMS 0x00000000e4800000, 0x00000000e4800000| Untracked 
|  73|0x00000000e4900000, 0x00000000e4900000, 0x00000000e4a00000|  0%| F|  |TAMS 0x00000000e4900000, 0x00000000e4900000| Untracked 
|  74|0x00000000e4a00000, 0x00000000e4a00000, 0x00000000e4b00000|  0%| F|  |TAMS 0x00000000e4a00000, 0x00000000e4a00000| Untracked 
|  75|0x00000000e4b00000, 0x00000000e4b00000, 0x00000000e4c00000|  0%| F|  |TAMS 0x00000000e4b00000, 0x00000000e4b00000| Untracked 
|  76|0x00000000e4c00000, 0x00000000e4c00000, 0x00000000e4d00000|  0%| F|  |TAMS 0x00000000e4c00000, 0x00000000e4c00000| Untracked 
|  77|0x00000000e4d00000, 0x00000000e4d00000, 0x00000000e4e00000|  0%| F|  |TAMS 0x00000000e4d00000, 0x00000000e4d00000| Untracked 
|  78|0x00000000e4e00000, 0x00000000e4e00000, 0x00000000e4f00000|  0%| F|  |TAMS 0x00000000e4e00000, 0x00000000e4e00000| Untracked 
|  79|0x00000000e4f00000, 0x00000000e4f00000, 0x00000000e5000000|  0%| F|  |TAMS 0x00000000e4f00000, 0x00000000e4f00000| Untracked 
|  80|0x00000000e5000000, 0x00000000e5000000, 0x00000000e5100000|  0%| F|  |TAMS 0x00000000e5000000, 0x00000000e5000000| Untracked 
|  81|0x00000000e5100000, 0x00000000e5100000, 0x00000000e5200000|  0%| F|  |TAMS 0x00000000e5100000, 0x00000000e5100000| Untracked 
|  82|0x00000000e5200000, 0x00000000e5200000, 0x00000000e5300000|  0%| F|  |TAMS 0x00000000e5200000, 0x00000000e5200000| Untracked 
|  83|0x00000000e5300000, 0x00000000e5300000, 0x00000000e5400000|  0%| F|  |TAMS 0x00000000e5300000, 0x00000000e5300000| Untracked 
|  84|0x00000000e5400000, 0x00000000e5400000, 0x00000000e5500000|  0%| F|  |TAMS 0x00000000e5400000, 0x00000000e5400000| Untracked 
|  85|0x00000000e5500000, 0x00000000e5500000, 0x00000000e5600000|  0%| F|  |TAMS 0x00000000e5500000, 0x00000000e5500000| Untracked 
|  86|0x00000000e5600000, 0x00000000e5600000, 0x00000000e5700000|  0%| F|  |TAMS 0x00000000e5600000, 0x00000000e5600000| Untracked 
|  87|0x00000000e5700000, 0x00000000e5700000, 0x00000000e5800000|  0%| F|  |TAMS 0x00000000e5700000, 0x00000000e5700000| Untracked 
|  88|0x00000000e5800000, 0x00000000e5800000, 0x00000000e5900000|  0%| F|  |TAMS 0x00000000e5800000, 0x00000000e5800000| Untracked 
|  89|0x00000000e5900000, 0x00000000e5900000, 0x00000000e5a00000|  0%| F|  |TAMS 0x00000000e5900000, 0x00000000e5900000| Untracked 
|  90|0x00000000e5a00000, 0x00000000e5a00000, 0x00000000e5b00000|  0%| F|  |TAMS 0x00000000e5a00000, 0x00000000e5a00000| Untracked 
|  91|0x00000000e5b00000, 0x00000000e5b00000, 0x00000000e5c00000|  0%| F|  |TAMS 0x00000000e5b00000, 0x00000000e5b00000| Untracked 
|  92|0x00000000e5c00000, 0x00000000e5c00000, 0x00000000e5d00000|  0%| F|  |TAMS 0x00000000e5c00000, 0x00000000e5c00000| Untracked 
|  93|0x00000000e5d00000, 0x00000000e5d00000, 0x00000000e5e00000|  0%| F|  |TAMS 0x00000000e5d00000, 0x00000000e5d00000| Untracked 
|  94|0x00000000e5e00000, 0x00000000e5e00000, 0x00000000e5f00000|  0%| F|  |TAMS 0x00000000e5e00000, 0x00000000e5e00000| Untracked 
|  95|0x00000000e5f00000, 0x00000000e5f00000, 0x00000000e6000000|  0%| F|  |TAMS 0x00000000e5f00000, 0x00000000e5f00000| Untracked 
|  96|0x00000000e6000000, 0x00000000e6000000, 0x00000000e6100000|  0%| F|  |TAMS 0x00000000e6000000, 0x00000000e6000000| Untracked 
|  97|0x00000000e6100000, 0x00000000e6100000, 0x00000000e6200000|  0%| F|  |TAMS 0x00000000e6100000, 0x00000000e6100000| Untracked 
|  98|0x00000000e6200000, 0x00000000e6200000, 0x00000000e6300000|  0%| F|  |TAMS 0x00000000e6200000, 0x00000000e6200000| Untracked 
|  99|0x00000000e6300000, 0x00000000e6300000, 0x00000000e6400000|  0%| F|  |TAMS 0x00000000e6300000, 0x00000000e6300000| Untracked 
| 100|0x00000000e6400000, 0x00000000e6400000, 0x00000000e6500000|  0%| F|  |TAMS 0x00000000e6400000, 0x00000000e6400000| Untracked 
| 101|0x00000000e6500000, 0x00000000e6500000, 0x00000000e6600000|  0%| F|  |TAMS 0x00000000e6500000, 0x00000000e6500000| Untracked 
| 102|0x00000000e6600000, 0x00000000e6600000, 0x00000000e6700000|  0%| F|  |TAMS 0x00000000e6600000, 0x00000000e6600000| Untracked 
| 103|0x00000000e6700000, 0x00000000e6700000, 0x00000000e6800000|  0%| F|  |TAMS 0x00000000e6700000, 0x00000000e6700000| Untracked 
| 104|0x00000000e6800000, 0x00000000e6800000, 0x00000000e6900000|  0%| F|  |TAMS 0x00000000e6800000, 0x00000000e6800000| Untracked 
| 105|0x00000000e6900000, 0x00000000e6900000, 0x00000000e6a00000|  0%| F|  |TAMS 0x00000000e6900000, 0x00000000e6900000| Untracked 
| 106|0x00000000e6a00000, 0x00000000e6a00000, 0x00000000e6b00000|  0%| F|  |TAMS 0x00000000e6a00000, 0x00000000e6a00000| Untracked 
| 107|0x00000000e6b00000, 0x00000000e6b00000, 0x00000000e6c00000|  0%| F|  |TAMS 0x00000000e6b00000, 0x00000000e6b00000| Untracked 
| 108|0x00000000e6c00000, 0x00000000e6c00000, 0x00000000e6d00000|  0%| F|  |TAMS 0x00000000e6c00000, 0x00000000e6c00000| Untracked 
| 109|0x00000000e6d00000, 0x00000000e6d00000, 0x00000000e6e00000|  0%| F|  |TAMS 0x00000000e6d00000, 0x00000000e6d00000| Untracked 
| 110|0x00000000e6e00000, 0x00000000e6e00000, 0x00000000e6f00000|  0%| F|  |TAMS 0x00000000e6e00000, 0x00000000e6e00000| Untracked 
| 111|0x00000000e6f00000, 0x00000000e6f00000, 0x00000000e7000000|  0%| F|  |TAMS 0x00000000e6f00000, 0x00000000e6f00000| Untracked 
| 112|0x00000000e7000000, 0x00000000e7000000, 0x00000000e7100000|  0%| F|  |TAMS 0x00000000e7000000, 0x00000000e7000000| Untracked 
| 113|0x00000000e7100000, 0x00000000e7100000, 0x00000000e7200000|  0%| F|  |TAMS 0x00000000e7100000, 0x00000000e7100000| Untracked 
| 114|0x00000000e7200000, 0x00000000e7200000, 0x00000000e7300000|  0%| F|  |TAMS 0x00000000e7200000, 0x00000000e7200000| Untracked 
| 115|0x00000000e7300000, 0x00000000e7300000, 0x00000000e7400000|  0%| F|  |TAMS 0x00000000e7300000, 0x00000000e7300000| Untracked 
| 116|0x00000000e7400000, 0x00000000e7400000, 0x00000000e7500000|  0%| F|  |TAMS 0x00000000e7400000, 0x00000000e7400000| Untracked 
| 117|0x00000000e7500000, 0x00000000e7500000, 0x00000000e7600000|  0%| F|  |TAMS 0x00000000e7500000, 0x00000000e7500000| Untracked 
| 118|0x00000000e7600000, 0x00000000e7600000, 0x00000000e7700000|  0%| F|  |TAMS 0x00000000e7600000, 0x00000000e7600000| Untracked 
| 119|0x00000000e7700000, 0x00000000e7700000, 0x00000000e7800000|  0%| F|  |TAMS 0x00000000e7700000, 0x00000000e7700000| Untracked 
| 120|0x00000000e7800000, 0x00000000e7800000, 0x00000000e7900000|  0%| F|  |TAMS 0x00000000e7800000, 0x00000000e7800000| Untracked 
| 121|0x00000000e7900000, 0x00000000e7900000, 0x00000000e7a00000|  0%| F|  |TAMS 0x00000000e7900000, 0x00000000e7900000| Untracked 
| 122|0x00000000e7a00000, 0x00000000e7a00000, 0x00000000e7b00000|  0%| F|  |TAMS 0x00000000e7a00000, 0x00000000e7a00000| Untracked 
| 123|0x00000000e7b00000, 0x00000000e7b00000, 0x00000000e7c00000|  0%| F|  |TAMS 0x00000000e7b00000, 0x00000000e7b00000| Untracked 
| 124|0x00000000e7c00000, 0x00000000e7c00000, 0x00000000e7d00000|  0%| F|  |TAMS 0x00000000e7c00000, 0x00000000e7c00000| Untracked 
| 125|0x00000000e7d00000, 0x00000000e7d00000, 0x00000000e7e00000|  0%| F|  |TAMS 0x00000000e7d00000, 0x00000000e7d00000| Untracked 
| 126|0x00000000e7e00000, 0x00000000e7e00000, 0x00000000e7f00000|  0%| F|  |TAMS 0x00000000e7e00000, 0x00000000e7e00000| Untracked 
| 127|0x00000000e7f00000, 0x00000000e7f00000, 0x00000000e8000000|  0%| F|  |TAMS 0x00000000e7f00000, 0x00000000e7f00000| Untracked 
| 128|0x00000000e8000000, 0x00000000e8000000, 0x00000000e8100000|  0%| F|  |TAMS 0x00000000e8000000, 0x00000000e8000000| Untracked 
| 129|0x00000000e8100000, 0x00000000e8100000, 0x00000000e8200000|  0%| F|  |TAMS 0x00000000e8100000, 0x00000000e8100000| Untracked 
| 130|0x00000000e8200000, 0x00000000e8200000, 0x00000000e8300000|  0%| F|  |TAMS 0x00000000e8200000, 0x00000000e8200000| Untracked 
| 131|0x00000000e8300000, 0x00000000e8300000, 0x00000000e8400000|  0%| F|  |TAMS 0x00000000e8300000, 0x00000000e8300000| Untracked 
| 132|0x00000000e8400000, 0x00000000e8400000, 0x00000000e8500000|  0%| F|  |TAMS 0x00000000e8400000, 0x00000000e8400000| Untracked 
| 133|0x00000000e8500000, 0x00000000e8500000, 0x00000000e8600000|  0%| F|  |TAMS 0x00000000e8500000, 0x00000000e8500000| Untracked 
| 134|0x00000000e8600000, 0x00000000e8600000, 0x00000000e8700000|  0%| F|  |TAMS 0x00000000e8600000, 0x00000000e8600000| Untracked 
| 135|0x00000000e8700000, 0x00000000e8700000, 0x00000000e8800000|  0%| F|  |TAMS 0x00000000e8700000, 0x00000000e8700000| Untracked 
| 136|0x00000000e8800000, 0x00000000e8800000, 0x00000000e8900000|  0%| F|  |TAMS 0x00000000e8800000, 0x00000000e8800000| Untracked 
| 137|0x00000000e8900000, 0x00000000e8900000, 0x00000000e8a00000|  0%| F|  |TAMS 0x00000000e8900000, 0x00000000e8900000| Untracked 
| 138|0x00000000e8a00000, 0x00000000e8a00000, 0x00000000e8b00000|  0%| F|  |TAMS 0x00000000e8a00000, 0x00000000e8a00000| Untracked 
| 139|0x00000000e8b00000, 0x00000000e8b00000, 0x00000000e8c00000|  0%| F|  |TAMS 0x00000000e8b00000, 0x00000000e8b00000| Untracked 
| 140|0x00000000e8c00000, 0x00000000e8c00000, 0x00000000e8d00000|  0%| F|  |TAMS 0x00000000e8c00000, 0x00000000e8c00000| Untracked 
| 141|0x00000000e8d00000, 0x00000000e8d00000, 0x00000000e8e00000|  0%| F|  |TAMS 0x00000000e8d00000, 0x00000000e8d00000| Untracked 
| 142|0x00000000e8e00000, 0x00000000e8e00000, 0x00000000e8f00000|  0%| F|  |TAMS 0x00000000e8e00000, 0x00000000e8e00000| Untracked 
| 143|0x00000000e8f00000, 0x00000000e8f00000, 0x00000000e9000000|  0%| F|  |TAMS 0x00000000e8f00000, 0x00000000e8f00000| Untracked 
| 144|0x00000000e9000000, 0x00000000e9000000, 0x00000000e9100000|  0%| F|  |TAMS 0x00000000e9000000, 0x00000000e9000000| Untracked 
| 145|0x00000000e9100000, 0x00000000e9100000, 0x00000000e9200000|  0%| F|  |TAMS 0x00000000e9100000, 0x00000000e9100000| Untracked 
| 146|0x00000000e9200000, 0x00000000e9200000, 0x00000000e9300000|  0%| F|  |TAMS 0x00000000e9200000, 0x00000000e9200000| Untracked 
| 147|0x00000000e9300000, 0x00000000e9300000, 0x00000000e9400000|  0%| F|  |TAMS 0x00000000e9300000, 0x00000000e9300000| Untracked 
| 148|0x00000000e9400000, 0x00000000e9400000, 0x00000000e9500000|  0%| F|  |TAMS 0x00000000e9400000, 0x00000000e9400000| Untracked 
| 149|0x00000000e9500000, 0x00000000e9500000, 0x00000000e9600000|  0%| F|  |TAMS 0x00000000e9500000, 0x00000000e9500000| Untracked 
| 150|0x00000000e9600000, 0x00000000e9600000, 0x00000000e9700000|  0%| F|  |TAMS 0x00000000e9600000, 0x00000000e9600000| Untracked 
| 151|0x00000000e9700000, 0x00000000e9700000, 0x00000000e9800000|  0%| F|  |TAMS 0x00000000e9700000, 0x00000000e9700000| Untracked 
| 152|0x00000000e9800000, 0x00000000e9800000, 0x00000000e9900000|  0%| F|  |TAMS 0x00000000e9800000, 0x00000000e9800000| Untracked 
| 153|0x00000000e9900000, 0x00000000e9900000, 0x00000000e9a00000|  0%| F|  |TAMS 0x00000000e9900000, 0x00000000e9900000| Untracked 
| 154|0x00000000e9a00000, 0x00000000e9a00000, 0x00000000e9b00000|  0%| F|  |TAMS 0x00000000e9a00000, 0x00000000e9a00000| Untracked 
| 155|0x00000000e9b00000, 0x00000000e9b00000, 0x00000000e9c00000|  0%| F|  |TAMS 0x00000000e9b00000, 0x00000000e9b00000| Untracked 
| 156|0x00000000e9c00000, 0x00000000e9c00000, 0x00000000e9d00000|  0%| F|  |TAMS 0x00000000e9c00000, 0x00000000e9c00000| Untracked 
| 157|0x00000000e9d00000, 0x00000000e9d00000, 0x00000000e9e00000|  0%| F|  |TAMS 0x00000000e9d00000, 0x00000000e9d00000| Untracked 
| 158|0x00000000e9e00000, 0x00000000e9e00000, 0x00000000e9f00000|  0%| F|  |TAMS 0x00000000e9e00000, 0x00000000e9e00000| Untracked 
| 159|0x00000000e9f00000, 0x00000000e9f00000, 0x00000000ea000000|  0%| F|  |TAMS 0x00000000e9f00000, 0x00000000e9f00000| Untracked 
| 160|0x00000000ea000000, 0x00000000ea000000, 0x00000000ea100000|  0%| F|  |TAMS 0x00000000ea000000, 0x00000000ea000000| Untracked 
| 161|0x00000000ea100000, 0x00000000ea100000, 0x00000000ea200000|  0%| F|  |TAMS 0x00000000ea100000, 0x00000000ea100000| Untracked 
| 162|0x00000000ea200000, 0x00000000ea200000, 0x00000000ea300000|  0%| F|  |TAMS 0x00000000ea200000, 0x00000000ea200000| Untracked 
| 163|0x00000000ea300000, 0x00000000ea300000, 0x00000000ea400000|  0%| F|  |TAMS 0x00000000ea300000, 0x00000000ea300000| Untracked 
| 164|0x00000000ea400000, 0x00000000ea400000, 0x00000000ea500000|  0%| F|  |TAMS 0x00000000ea400000, 0x00000000ea400000| Untracked 
| 165|0x00000000ea500000, 0x00000000ea500000, 0x00000000ea600000|  0%| F|  |TAMS 0x00000000ea500000, 0x00000000ea500000| Untracked 
| 166|0x00000000ea600000, 0x00000000ea600000, 0x00000000ea700000|  0%| F|  |TAMS 0x00000000ea600000, 0x00000000ea600000| Untracked 
| 167|0x00000000ea700000, 0x00000000ea700000, 0x00000000ea800000|  0%| F|  |TAMS 0x00000000ea700000, 0x00000000ea700000| Untracked 
| 168|0x00000000ea800000, 0x00000000ea800000, 0x00000000ea900000|  0%| F|  |TAMS 0x00000000ea800000, 0x00000000ea800000| Untracked 
| 169|0x00000000ea900000, 0x00000000ea900000, 0x00000000eaa00000|  0%| F|  |TAMS 0x00000000ea900000, 0x00000000ea900000| Untracked 
| 170|0x00000000eaa00000, 0x00000000eaa00000, 0x00000000eab00000|  0%| F|  |TAMS 0x00000000eaa00000, 0x00000000eaa00000| Untracked 
| 171|0x00000000eab00000, 0x00000000eab00000, 0x00000000eac00000|  0%| F|  |TAMS 0x00000000eab00000, 0x00000000eab00000| Untracked 
| 172|0x00000000eac00000, 0x00000000eac00000, 0x00000000ead00000|  0%| F|  |TAMS 0x00000000eac00000, 0x00000000eac00000| Untracked 
| 173|0x00000000ead00000, 0x00000000ead00000, 0x00000000eae00000|  0%| F|  |TAMS 0x00000000ead00000, 0x00000000ead00000| Untracked 
| 174|0x00000000eae00000, 0x00000000eae00000, 0x00000000eaf00000|  0%| F|  |TAMS 0x00000000eae00000, 0x00000000eae00000| Untracked 
| 175|0x00000000eaf00000, 0x00000000eaf00000, 0x00000000eb000000|  0%| F|  |TAMS 0x00000000eaf00000, 0x00000000eaf00000| Untracked 
| 176|0x00000000eb000000, 0x00000000eb000000, 0x00000000eb100000|  0%| F|  |TAMS 0x00000000eb000000, 0x00000000eb000000| Untracked 
| 177|0x00000000eb100000, 0x00000000eb100000, 0x00000000eb200000|  0%| F|  |TAMS 0x00000000eb100000, 0x00000000eb100000| Untracked 
| 178|0x00000000eb200000, 0x00000000eb200000, 0x00000000eb300000|  0%| F|  |TAMS 0x00000000eb200000, 0x00000000eb200000| Untracked 
| 179|0x00000000eb300000, 0x00000000eb300000, 0x00000000eb400000|  0%| F|  |TAMS 0x00000000eb300000, 0x00000000eb300000| Untracked 
| 180|0x00000000eb400000, 0x00000000eb400000, 0x00000000eb500000|  0%| F|  |TAMS 0x00000000eb400000, 0x00000000eb400000| Untracked 
| 181|0x00000000eb500000, 0x00000000eb500000, 0x00000000eb600000|  0%| F|  |TAMS 0x00000000eb500000, 0x00000000eb500000| Untracked 
| 182|0x00000000eb600000, 0x00000000eb600000, 0x00000000eb700000|  0%| F|  |TAMS 0x00000000eb600000, 0x00000000eb600000| Untracked 
| 183|0x00000000eb700000, 0x00000000eb700000, 0x00000000eb800000|  0%| F|  |TAMS 0x00000000eb700000, 0x00000000eb700000| Untracked 
| 184|0x00000000eb800000, 0x00000000eb800000, 0x00000000eb900000|  0%| F|  |TAMS 0x00000000eb800000, 0x00000000eb800000| Untracked 
| 185|0x00000000eb900000, 0x00000000eb900000, 0x00000000eba00000|  0%| F|  |TAMS 0x00000000eb900000, 0x00000000eb900000| Untracked 
| 186|0x00000000eba00000, 0x00000000eba00000, 0x00000000ebb00000|  0%| F|  |TAMS 0x00000000eba00000, 0x00000000eba00000| Untracked 
| 187|0x00000000ebb00000, 0x00000000ebb00000, 0x00000000ebc00000|  0%| F|  |TAMS 0x00000000ebb00000, 0x00000000ebb00000| Untracked 
| 188|0x00000000ebc00000, 0x00000000ebc00000, 0x00000000ebd00000|  0%| F|  |TAMS 0x00000000ebc00000, 0x00000000ebc00000| Untracked 
| 189|0x00000000ebd00000, 0x00000000ebd00000, 0x00000000ebe00000|  0%| F|  |TAMS 0x00000000ebd00000, 0x00000000ebd00000| Untracked 
| 190|0x00000000ebe00000, 0x00000000ebe00000, 0x00000000ebf00000|  0%| F|  |TAMS 0x00000000ebe00000, 0x00000000ebe00000| Untracked 
| 191|0x00000000ebf00000, 0x00000000ebf00000, 0x00000000ec000000|  0%| F|  |TAMS 0x00000000ebf00000, 0x00000000ebf00000| Untracked 
| 192|0x00000000ec000000, 0x00000000ec000000, 0x00000000ec100000|  0%| F|  |TAMS 0x00000000ec000000, 0x00000000ec000000| Untracked 
| 193|0x00000000ec100000, 0x00000000ec100000, 0x00000000ec200000|  0%| F|  |TAMS 0x00000000ec100000, 0x00000000ec100000| Untracked 
| 194|0x00000000ec200000, 0x00000000ec200000, 0x00000000ec300000|  0%| F|  |TAMS 0x00000000ec200000, 0x00000000ec200000| Untracked 
| 195|0x00000000ec300000, 0x00000000ec300000, 0x00000000ec400000|  0%| F|  |TAMS 0x00000000ec300000, 0x00000000ec300000| Untracked 
| 196|0x00000000ec400000, 0x00000000ec400000, 0x00000000ec500000|  0%| F|  |TAMS 0x00000000ec400000, 0x00000000ec400000| Untracked 
| 197|0x00000000ec500000, 0x00000000ec500000, 0x00000000ec600000|  0%| F|  |TAMS 0x00000000ec500000, 0x00000000ec500000| Untracked 
| 198|0x00000000ec600000, 0x00000000ec600000, 0x00000000ec700000|  0%| F|  |TAMS 0x00000000ec600000, 0x00000000ec600000| Untracked 
| 199|0x00000000ec700000, 0x00000000ec700000, 0x00000000ec800000|  0%| F|  |TAMS 0x00000000ec700000, 0x00000000ec700000| Untracked 
| 200|0x00000000ec800000, 0x00000000ec800000, 0x00000000ec900000|  0%| F|  |TAMS 0x00000000ec800000, 0x00000000ec800000| Untracked 
| 201|0x00000000ec900000, 0x00000000ec900000, 0x00000000eca00000|  0%| F|  |TAMS 0x00000000ec900000, 0x00000000ec900000| Untracked 
| 202|0x00000000eca00000, 0x00000000eca00000, 0x00000000ecb00000|  0%| F|  |TAMS 0x00000000eca00000, 0x00000000eca00000| Untracked 
| 203|0x00000000ecb00000, 0x00000000ecb00000, 0x00000000ecc00000|  0%| F|  |TAMS 0x00000000ecb00000, 0x00000000ecb00000| Untracked 
| 204|0x00000000ecc00000, 0x00000000ecc00000, 0x00000000ecd00000|  0%| F|  |TAMS 0x00000000ecc00000, 0x00000000ecc00000| Untracked 
| 205|0x00000000ecd00000, 0x00000000ecd00000, 0x00000000ece00000|  0%| F|  |TAMS 0x00000000ecd00000, 0x00000000ecd00000| Untracked 
| 206|0x00000000ece00000, 0x00000000ece5c4e0, 0x00000000ecf00000| 36%| S|CS|TAMS 0x00000000ece00000, 0x00000000ece00000| Complete 
| 207|0x00000000ecf00000, 0x00000000ed000000, 0x00000000ed000000|100%| S|CS|TAMS 0x00000000ecf00000, 0x00000000ecf00000| Complete 
| 208|0x00000000ed000000, 0x00000000ed100000, 0x00000000ed100000|100%| S|CS|TAMS 0x00000000ed000000, 0x00000000ed000000| Complete 
| 209|0x00000000ed100000, 0x00000000ed200000, 0x00000000ed200000|100%| S|CS|TAMS 0x00000000ed100000, 0x00000000ed100000| Complete 
| 210|0x00000000ed200000, 0x00000000ed300000, 0x00000000ed300000|100%| S|CS|TAMS 0x00000000ed200000, 0x00000000ed200000| Complete 
| 211|0x00000000ed300000, 0x00000000ed400000, 0x00000000ed400000|100%| S|CS|TAMS 0x00000000ed300000, 0x00000000ed300000| Complete 
| 212|0x00000000ed400000, 0x00000000ed500000, 0x00000000ed500000|100%| S|CS|TAMS 0x00000000ed400000, 0x00000000ed400000| Complete 
| 213|0x00000000ed500000, 0x00000000ed600000, 0x00000000ed600000|100%| S|CS|TAMS 0x00000000ed500000, 0x00000000ed500000| Complete 
| 214|0x00000000ed600000, 0x00000000ed700000, 0x00000000ed700000|100%| S|CS|TAMS 0x00000000ed600000, 0x00000000ed600000| Complete 
| 215|0x00000000ed700000, 0x00000000ed700000, 0x00000000ed800000|  0%| F|  |TAMS 0x00000000ed700000, 0x00000000ed700000| Untracked 
| 216|0x00000000ed800000, 0x00000000ed800000, 0x00000000ed900000|  0%| F|  |TAMS 0x00000000ed800000, 0x00000000ed800000| Untracked 
| 217|0x00000000ed900000, 0x00000000ed900000, 0x00000000eda00000|  0%| F|  |TAMS 0x00000000ed900000, 0x00000000ed900000| Untracked 
| 218|0x00000000eda00000, 0x00000000eda00000, 0x00000000edb00000|  0%| F|  |TAMS 0x00000000eda00000, 0x00000000eda00000| Untracked 
| 219|0x00000000edb00000, 0x00000000edb00000, 0x00000000edc00000|  0%| F|  |TAMS 0x00000000edb00000, 0x00000000edb00000| Untracked 
| 220|0x00000000edc00000, 0x00000000edc00000, 0x00000000edd00000|  0%| F|  |TAMS 0x00000000edc00000, 0x00000000edc00000| Untracked 
| 221|0x00000000edd00000, 0x00000000edd00000, 0x00000000ede00000|  0%| F|  |TAMS 0x00000000edd00000, 0x00000000edd00000| Untracked 
| 222|0x00000000ede00000, 0x00000000ede00000, 0x00000000edf00000|  0%| F|  |TAMS 0x00000000ede00000, 0x00000000ede00000| Untracked 
| 223|0x00000000edf00000, 0x00000000edf00000, 0x00000000ee000000|  0%| F|  |TAMS 0x00000000edf00000, 0x00000000edf00000| Untracked 
| 224|0x00000000ee000000, 0x00000000ee000000, 0x00000000ee100000|  0%| F|  |TAMS 0x00000000ee000000, 0x00000000ee000000| Untracked 
| 225|0x00000000ee100000, 0x00000000ee178cd8, 0x00000000ee200000| 47%| E|  |TAMS 0x00000000ee100000, 0x00000000ee100000| Complete 
| 226|0x00000000ee200000, 0x00000000ee300000, 0x00000000ee300000|100%| E|CS|TAMS 0x00000000ee200000, 0x00000000ee200000| Complete 
| 227|0x00000000ee300000, 0x00000000ee400000, 0x00000000ee400000|100%| E|CS|TAMS 0x00000000ee300000, 0x00000000ee300000| Complete 
| 228|0x00000000ee400000, 0x00000000ee500000, 0x00000000ee500000|100%| E|CS|TAMS 0x00000000ee400000, 0x00000000ee400000| Complete 
| 229|0x00000000ee500000, 0x00000000ee600000, 0x00000000ee600000|100%| E|CS|TAMS 0x00000000ee500000, 0x00000000ee500000| Complete 
| 230|0x00000000ee600000, 0x00000000ee700000, 0x00000000ee700000|100%| E|CS|TAMS 0x00000000ee600000, 0x00000000ee600000| Complete 
| 231|0x00000000ee700000, 0x00000000ee800000, 0x00000000ee800000|100%| E|CS|TAMS 0x00000000ee700000, 0x00000000ee700000| Complete 
| 232|0x00000000ee800000, 0x00000000ee900000, 0x00000000ee900000|100%| E|CS|TAMS 0x00000000ee800000, 0x00000000ee800000| Complete 
| 233|0x00000000ee900000, 0x00000000eea00000, 0x00000000eea00000|100%| E|CS|TAMS 0x00000000ee900000, 0x00000000ee900000| Complete 
| 234|0x00000000eea00000, 0x00000000eeb00000, 0x00000000eeb00000|100%| E|CS|TAMS 0x00000000eea00000, 0x00000000eea00000| Complete 
| 235|0x00000000eeb00000, 0x00000000eec00000, 0x00000000eec00000|100%| E|CS|TAMS 0x00000000eeb00000, 0x00000000eeb00000| Complete 
| 236|0x00000000eec00000, 0x00000000eed00000, 0x00000000eed00000|100%| E|CS|TAMS 0x00000000eec00000, 0x00000000eec00000| Complete 
| 237|0x00000000eed00000, 0x00000000eee00000, 0x00000000eee00000|100%| E|  |TAMS 0x00000000eed00000, 0x00000000eed00000| Complete 
| 238|0x00000000eee00000, 0x00000000eef00000, 0x00000000eef00000|100%| E|CS|TAMS 0x00000000eee00000, 0x00000000eee00000| Complete 
| 239|0x00000000eef00000, 0x00000000ef000000, 0x00000000ef000000|100%| E|CS|TAMS 0x00000000eef00000, 0x00000000eef00000| Complete 
| 240|0x00000000ef000000, 0x00000000ef100000, 0x00000000ef100000|100%| E|CS|TAMS 0x00000000ef000000, 0x00000000ef000000| Complete 
| 241|0x00000000ef100000, 0x00000000ef200000, 0x00000000ef200000|100%| E|CS|TAMS 0x00000000ef100000, 0x00000000ef100000| Complete 
| 242|0x00000000ef200000, 0x00000000ef300000, 0x00000000ef300000|100%| E|CS|TAMS 0x00000000ef200000, 0x00000000ef200000| Complete 
| 243|0x00000000ef300000, 0x00000000ef400000, 0x00000000ef400000|100%| E|CS|TAMS 0x00000000ef300000, 0x00000000ef300000| Complete 
| 244|0x00000000ef400000, 0x00000000ef500000, 0x00000000ef500000|100%| E|CS|TAMS 0x00000000ef400000, 0x00000000ef400000| Complete 
| 245|0x00000000ef500000, 0x00000000ef600000, 0x00000000ef600000|100%| E|CS|TAMS 0x00000000ef500000, 0x00000000ef500000| Complete 
| 246|0x00000000ef600000, 0x00000000ef700000, 0x00000000ef700000|100%| E|CS|TAMS 0x00000000ef600000, 0x00000000ef600000| Complete 
| 247|0x00000000ef700000, 0x00000000ef800000, 0x00000000ef800000|100%| E|CS|TAMS 0x00000000ef700000, 0x00000000ef700000| Complete 
| 248|0x00000000ef800000, 0x00000000ef900000, 0x00000000ef900000|100%| E|CS|TAMS 0x00000000ef800000, 0x00000000ef800000| Complete 
| 249|0x00000000ef900000, 0x00000000efa00000, 0x00000000efa00000|100%| E|CS|TAMS 0x00000000ef900000, 0x00000000ef900000| Complete 
| 250|0x00000000efa00000, 0x00000000efb00000, 0x00000000efb00000|100%| E|CS|TAMS 0x00000000efa00000, 0x00000000efa00000| Complete 
| 251|0x00000000efb00000, 0x00000000efc00000, 0x00000000efc00000|100%| E|CS|TAMS 0x00000000efb00000, 0x00000000efb00000| Complete 
| 252|0x00000000efc00000, 0x00000000efd00000, 0x00000000efd00000|100%| E|CS|TAMS 0x00000000efc00000, 0x00000000efc00000| Complete 
| 253|0x00000000efd00000, 0x00000000efe00000, 0x00000000efe00000|100%| E|CS|TAMS 0x00000000efd00000, 0x00000000efd00000| Complete 
| 254|0x00000000efe00000, 0x00000000eff00000, 0x00000000eff00000|100%| E|CS|TAMS 0x00000000efe00000, 0x00000000efe00000| Complete 
| 255|0x00000000eff00000, 0x00000000f0000000, 0x00000000f0000000|100%| E|CS|TAMS 0x00000000eff00000, 0x00000000eff00000| Complete 

Card table byte_map: [0x000001962e100000,0x000001962e200000] _byte_map_base: 0x000001962da00000

Marking Bits (Prev, Next): (CMBitMap*) 0x000001961b033570, (CMBitMap*) 0x000001961b033530
 Prev Bits: [0x000001962eb00000, 0x000001962f300000)
 Next Bits: [0x000001962e300000, 0x000001962eb00000)

Polling page: 0x000001961a7c0000

Metaspace:

Usage:
  Non-class:     22.18 MB used.
      Class:      3.29 MB used.
       Both:     25.46 MB used.

Virtual space:
  Non-class space:       24.00 MB reserved,      22.31 MB ( 93%) committed,  3 nodes.
      Class space:      208.00 MB reserved,       3.38 MB (  2%) committed,  1 nodes.
             Both:      232.00 MB reserved,      25.69 MB ( 11%) committed. 

Chunk freelists:
   Non-Class:  1.19 MB
       Class:  463.00 KB
        Both:  1.64 MB

MaxMetaspaceSize: 256.00 MB
CompressedClassSpaceSize: 208.00 MB
Initial GC threshold: 21.00 MB
Current GC threshold: 35.12 MB
CDS: off
MetaspaceReclaimPolicy: balanced
 - commit_granule_bytes: 65536.
 - commit_granule_words: 8192.
 - virtual_space_node_default_size: 1048576.
 - enlarge_chunks_in_place: 1.
 - new_chunks_are_fully_committed: 0.
 - uncommit_free_chunks: 1.
 - use_allocation_guard: 0.
 - handle_deallocations: 1.


Internal statistics:

num_allocs_failed_limit: 3.
num_arena_births: 194.
num_arena_deaths: 0.
num_vsnodes_births: 4.
num_vsnodes_deaths: 0.
num_space_committed: 411.
num_space_uncommitted: 0.
num_chunks_returned_to_freelist: 3.
num_chunks_taken_from_freelist: 789.
num_chunk_merges: 3.
num_chunk_splits: 513.
num_chunks_enlarged: 369.
num_purges: 0.
num_inconsistent_stats: 0.

CodeHeap 'non-profiled nmethods': size=119168Kb used=1186Kb max_used=1186Kb free=117981Kb
 bounds [0x0000019626300000, 0x0000019626570000, 0x000001962d760000]
CodeHeap 'profiled nmethods': size=119104Kb used=5014Kb max_used=5014Kb free=114089Kb
 bounds [0x000001961eeb0000, 0x000001961f3a0000, 0x0000019626300000]
CodeHeap 'non-nmethods': size=7488Kb used=2907Kb max_used=2980Kb free=4580Kb
 bounds [0x000001961e760000, 0x000001961ea50000, 0x000001961eeb0000]
 total_blobs=2926 nmethods=2401 adapters=434
 compilation: enabled
              stopped_count=0, restarted_count=0
 full_count=0

Compilation events (20 events):
Event: 7.488 Thread 0x0000019632e1b040 2389       3       org.objectweb.asm.SymbolTable::addType (81 bytes)
Event: 7.488 Thread 0x0000019632c5eee0 2390       3       org.objectweb.asm.Frame::getLocal (46 bytes)
Event: 7.489 Thread 0x0000019632c5eee0 nmethod 2390 0x000001961f391f10 code [0x000001961f3920c0, 0x000001961f3922f8]
Event: 7.489 Thread 0x0000019632e1b040 nmethod 2389 0x000001961f392410 code [0x000001961f392620, 0x000001961f392b78]
Event: 7.490 Thread 0x0000019632e1b040 2391       3       org.objectweb.asm.SymbolTable$Entry::<init> (17 bytes)
Event: 7.490 Thread 0x0000019632c5eee0 2392       3       org.objectweb.asm.Frame::pop (44 bytes)
Event: 7.490 Thread 0x0000019632e1b040 nmethod 2391 0x000001961f392e10 code [0x000001961f392fc0, 0x000001961f393148]
Event: 7.490 Thread 0x0000019632c5eee0 nmethod 2392 0x000001961f393210 code [0x000001961f3933a0, 0x000001961f393538]
Event: 7.490 Thread 0x0000019633c98030 2393       3       org.objectweb.asm.Type::getInternalName (16 bytes)
Event: 7.490 Thread 0x0000019632c5eee0 2394       3       org.objectweb.asm.MethodWriter::visitVarInsn (302 bytes)
Event: 7.490 Thread 0x0000019633e6d990 2395       3       org.objectweb.asm.Frame::pop (42 bytes)
Event: 7.491 Thread 0x0000019633c98030 nmethod 2393 0x000001961f393610 code [0x000001961f3937c0, 0x000001961f393908]
Event: 7.491 Thread 0x0000019633e6d990 nmethod 2395 0x000001961f393a10 code [0x000001961f393bc0, 0x000001961f393d78]
Event: 7.491 Thread 0x0000019632c5eee0 nmethod 2394 0x000001961f393e90 code [0x000001961f3940e0, 0x000001961f394ac8]
Event: 7.494 Thread 0x0000019632c5eee0 2396       1       org.objectweb.asm.SymbolTable::getMajorVersion (5 bytes)
Event: 7.494 Thread 0x0000019632e1b040 2397       3       org.objectweb.asm.ByteVector::putShort (52 bytes)
Event: 7.494 Thread 0x0000019632c5eee0 nmethod 2396 0x0000019626423c10 code [0x0000019626423da0, 0x0000019626423e78]
Event: 7.494 Thread 0x0000019632e1b040 nmethod 2397 0x000001961f394d90 code [0x000001961f394f40, 0x000001961f395148]
Event: 7.533 Thread 0x0000019633a38180 2398       4       jdk.internal.ref.PhantomCleanable::<init> (49 bytes)
Event: 7.547 Thread 0x0000019633a38180 nmethod 2398 0x0000019626423f10 code [0x00000196264240a0, 0x0000019626424a78]

GC Heap History (6 events):
Event: 0.820 GC heap before
{Heap before GC invocations=0 (full 0):
 garbage-first heap   total 262144K, used 28672K [0x00000000e0000000, 0x0000000100000000)
  region size 1024K, 23 young (23552K), 0 survivors (0K)
 Metaspace       used 10291K, committed 10496K, reserved 229376K
  class space    used 1059K, committed 1152K, reserved 212992K
}
Event: 0.824 GC heap after
{Heap after GC invocations=1 (full 0):
 garbage-first heap   total 262144K, used 9188K [0x00000000e0000000, 0x0000000100000000)
  region size 1024K, 3 young (3072K), 3 survivors (3072K)
 Metaspace       used 10291K, committed 10496K, reserved 229376K
  class space    used 1059K, committed 1152K, reserved 212992K
}
Event: 1.270 GC heap before
{Heap before GC invocations=1 (full 0):
 garbage-first heap   total 262144K, used 38884K [0x00000000e0000000, 0x0000000100000000)
  region size 1024K, 32 young (32768K), 3 survivors (3072K)
 Metaspace       used 11241K, committed 11392K, reserved 229376K
  class space    used 1164K, committed 1280K, reserved 212992K
}
Event: 1.273 GC heap after
{Heap after GC invocations=2 (full 0):
 garbage-first heap   total 262144K, used 13274K [0x00000000e0000000, 0x0000000100000000)
  region size 1024K, 4 young (4096K), 4 survivors (4096K)
 Metaspace       used 11241K, committed 11392K, reserved 229376K
  class space    used 1164K, committed 1280K, reserved 212992K
}
Event: 5.853 GC heap before
{Heap before GC invocations=2 (full 0):
 garbage-first heap   total 262144K, used 50138K [0x00000000e0000000, 0x0000000100000000)
  region size 1024K, 41 young (41984K), 4 survivors (4096K)
 Metaspace       used 21252K, committed 21504K, reserved 237568K
  class space    used 2610K, committed 2752K, reserved 212992K
}
Event: 5.896 GC heap after
{Heap after GC invocations=3 (full 0):
 garbage-first heap   total 262144K, used 17739K [0x00000000e0000000, 0x0000000100000000)
  region size 1024K, 9 young (9216K), 9 survivors (9216K)
 Metaspace       used 21252K, committed 21504K, reserved 237568K
  class space    used 2610K, committed 2752K, reserved 212992K
}

Dll operation events (2 events):
Event: 0.010 Loaded shared library C:\Program Files\JetBrains\IntelliJ IDEA Community Edition 2022.3.1\jbr\bin\java.dll
Event: 0.414 Loaded shared library C:\Program Files\JetBrains\IntelliJ IDEA Community Edition 2022.3.1\jbr\bin\verify.dll

Deoptimization events (20 events):
Event: 7.354 Thread 0x00000196356213e0 Uncommon trap: trap_request=0xffffffc6 fr.pc=0x00000196263ffe08 relative=0x0000000000000c08
Event: 7.354 Thread 0x00000196356213e0 Uncommon trap: reason=bimorphic_or_optimized_type_check action=maybe_recompile pc=0x00000196263ffe08 method=java.util.HashMap.getNode(Ljava/lang/Object;)Ljava/util/HashMap$Node; @ 63 c2
Event: 7.354 Thread 0x00000196356213e0 DEOPT PACKING pc=0x00000196263ffe08 sp=0x0000003e860fb8b0
Event: 7.354 Thread 0x00000196356213e0 DEOPT UNPACKING pc=0x000001961e7b23a3 sp=0x0000003e860fb7e8 mode 2
Event: 7.354 Thread 0x00000196356213e0 Uncommon trap: trap_request=0xffffffc6 fr.pc=0x00000196263ffe08 relative=0x0000000000000c08
Event: 7.354 Thread 0x00000196356213e0 Uncommon trap: reason=bimorphic_or_optimized_type_check action=maybe_recompile pc=0x00000196263ffe08 method=java.util.HashMap.getNode(Ljava/lang/Object;)Ljava/util/HashMap$Node; @ 63 c2
Event: 7.354 Thread 0x00000196356213e0 DEOPT PACKING pc=0x00000196263ffe08 sp=0x0000003e860fb8b0
Event: 7.354 Thread 0x00000196356213e0 DEOPT UNPACKING pc=0x000001961e7b23a3 sp=0x0000003e860fb7e8 mode 2
Event: 7.355 Thread 0x00000196356213e0 Uncommon trap: trap_request=0xffffff45 fr.pc=0x000001962633f710 relative=0x0000000000000450
Event: 7.355 Thread 0x00000196356213e0 Uncommon trap: reason=unstable_if action=reinterpret pc=0x000001962633f710 method=java.util.HashMap.getNode(Ljava/lang/Object;)Ljava/util/HashMap$Node; @ 131 c2
Event: 7.355 Thread 0x00000196356213e0 DEOPT PACKING pc=0x000001962633f710 sp=0x0000003e860fb860
Event: 7.355 Thread 0x00000196356213e0 DEOPT UNPACKING pc=0x000001961e7b23a3 sp=0x0000003e860fb7f0 mode 2
Event: 7.408 Thread 0x00000196356213e0 Uncommon trap: trap_request=0xffffff45 fr.pc=0x00000196263ae2ec relative=0x00000000000003ac
Event: 7.408 Thread 0x00000196356213e0 Uncommon trap: reason=unstable_if action=reinterpret pc=0x00000196263ae2ec method=java.util.concurrent.ConcurrentHashMap.get(Ljava/lang/Object;)Ljava/lang/Object; @ 76 c2
Event: 7.408 Thread 0x00000196356213e0 DEOPT PACKING pc=0x00000196263ae2ec sp=0x0000003e860fad80
Event: 7.409 Thread 0x00000196356213e0 DEOPT UNPACKING pc=0x000001961e7b23a3 sp=0x0000003e860facf8 mode 2
Event: 7.420 Thread 0x00000196356213e0 DEOPT PACKING pc=0x000001961f34c571 sp=0x0000003e860fa7e0
Event: 7.420 Thread 0x00000196356213e0 DEOPT UNPACKING pc=0x000001961e7b2b43 sp=0x0000003e860f9cf0 mode 0
Event: 7.431 Thread 0x00000196356213e0 DEOPT PACKING pc=0x000001961f34c592 sp=0x0000003e860f7280
Event: 7.431 Thread 0x00000196356213e0 DEOPT UNPACKING pc=0x000001961e7b2b43 sp=0x0000003e860f6790 mode 0

Classes unloaded (0 events):
No events

Classes redefined (0 events):
No events

Internal exceptions (20 events):
Event: 4.469 Thread 0x00000196356213e0 Exception <a 'java/lang/NoSuchMethodError'{0x00000000ee700958}: 'long java.lang.invoke.DirectMethodHandle$Holder.invokeInterface(java.lang.Object, java.lang.Object)'> (0x00000000ee700958) 
thrown [s\src\hotspot\share\interpreter\linkResolver.cpp, line 771]
Event: 4.494 Thread 0x00000196356213e0 Exception <a 'java/lang/NoSuchMethodError'{0x00000000ee70eb20}: 'void java.lang.invoke.DelegatingMethodHandle$Holder.reinvoke_L(java.lang.Object, java.lang.Object, java.lang.Object, java.lang.Object, java.lang.Object, java.lang.Object, java.lang.Object)'> (0x00000000ee70eb20) 
thrown [s\src\hotspot\share\interpreter\linkResolver.cpp, line 771]
Event: 6.061 Thread 0x00000196356213e0 Exception <a 'java/lang/NoSuchMethodError'{0x00000000efb974b0}: 'void java.lang.invoke.DirectMethodHandle$Holder.invokeStaticInit(java.lang.Object)'> (0x00000000efb974b0) 
thrown [s\src\hotspot\share\interpreter\linkResolver.cpp, line 771]
Event: 6.086 Thread 0x00000196356213e0 Exception <a 'java/lang/NoSuchMethodError'{0x00000000efbadf48}: 'void java.lang.invoke.DirectMethodHandle$Holder.invokeSpecial(java.lang.Object, java.lang.Object, java.lang.Object)'> (0x00000000efbadf48) 
thrown [s\src\hotspot\share\interpreter\linkResolver.cpp, line 771]
Event: 6.116 Thread 0x00000196356213e0 Exception <a 'java/lang/NoSuchMethodError'{0x00000000efa49388}: 'java.lang.Object java.lang.invoke.DirectMethodHandle$Holder.newInvokeSpecial(java.lang.Object, java.lang.Object, java.lang.Object, int)'> (0x00000000efa49388) 
thrown [s\src\hotspot\share\interpreter\linkResolver.cpp, line 771]
Event: 6.117 Thread 0x00000196356213e0 Exception <a 'java/lang/NoSuchMethodError'{0x00000000efa4e208}: 'java.lang.Object java.lang.invoke.DirectMethodHandle$Holder.invokeSpecial(java.lang.Object, java.lang.Object, java.lang.Object, java.lang.Object, int)'> (0x00000000efa4e208) 
thrown [s\src\hotspot\share\interpreter\linkResolver.cpp, line 771]
Event: 6.117 Thread 0x00000196356213e0 Exception <a 'java/lang/NoSuchMethodError'{0x00000000efa52870}: 'java.lang.Object java.lang.invoke.Invokers$Holder.linkToTargetMethod(java.lang.Object, java.lang.Object, int, java.lang.Object)'> (0x00000000efa52870) 
thrown [s\src\hotspot\share\interpreter\linkResolver.cpp, line 771]
Event: 6.490 Thread 0x00000196356213e0 Exception <a 'java/lang/NoSuchMethodError'{0x00000000ef5dfdb0}: 'int java.lang.invoke.DirectMethodHandle$Holder.invokeSpecialIFC(java.lang.Object, java.lang.Object, java.lang.Object, java.lang.Object)'> (0x00000000ef5dfdb0) 
thrown [s\src\hotspot\share\interpreter\linkResolver.cpp, line 771]
Event: 6.505 Thread 0x00000196356213e0 Exception <a 'java/lang/NoSuchMethodError'{0x00000000ef5eee08}: 'java.lang.Object java.lang.invoke.DirectMethodHandle$Holder.invokeInterface(java.lang.Object, java.lang.Object, java.lang.Object)'> (0x00000000ef5eee08) 
thrown [s\src\hotspot\share\interpreter\linkResolver.cpp, line 771]
Event: 6.506 Thread 0x00000196356213e0 Exception <a 'java/lang/IncompatibleClassChangeError'{0x00000000ef5f2f48}: Found class java.lang.Object, but interface was expected> (0x00000000ef5f2f48) 
thrown [s\src\hotspot\share\interpreter\linkResolver.cpp, line 838]
Event: 6.660 Thread 0x00000196356213e0 Exception <a 'java/lang/NoSuchMethodError'{0x00000000ef2aa3d8}: 'int java.lang.invoke.DirectMethodHandle$Holder.invokeStatic(java.lang.Object, java.lang.Object, java.lang.Object, java.lang.Object)'> (0x00000000ef2aa3d8) 
thrown [s\src\hotspot\share\interpreter\linkResolver.cpp, line 771]
Event: 6.661 Thread 0x00000196356213e0 Exception <a 'java/lang/NoSuchMethodError'{0x00000000ef2ae2a8}: 'java.lang.Object java.lang.invoke.Invokers$Holder.invokeExact_MT(java.lang.Object, java.lang.Object, java.lang.Object, java.lang.Object, java.lang.Object, java.lang.Object)'> (0x00000000ef2ae2a8) 
thrown [s\src\hotspot\share\interpreter\linkResolver.cpp, line 771]
Event: 6.735 Thread 0x00000196356213e0 Exception <a 'java/lang/NoSuchMethodError'{0x00000000eef037e0}: 'java.lang.Object java.lang.invoke.DirectMethodHandle$Holder.invokeInterface(java.lang.Object, java.lang.Object)'> (0x00000000eef037e0) 
thrown [s\src\hotspot\share\interpreter\linkResolver.cpp, line 771]
Event: 6.831 Thread 0x00000196356213e0 Exception <a 'java/lang/NoSuchMethodError'{0x00000000eeda3f90}: 'java.lang.Object java.lang.invoke.DirectMethodHandle$Holder.invokeSpecial(java.lang.Object, java.lang.Object, java.lang.Object, java.lang.Object, java.lang.Object, java.lang.Object, java.lang.Object, java.lang.Object, java.lang.Object)'> (0x00000000eeda3f90) 
thrown [s\src\hotspot\share\interpreter\linkResolver.cpp, line 771]
Event: 7.066 Thread 0x00000196356213e0 Exception <a 'java/lang/NoSuchMethodError'{0x00000000ee99c840}: 'void java.lang.invoke.DirectMethodHandle$Holder.invokeStatic(java.lang.Object, java.lang.Object)'> (0x00000000ee99c840) 
thrown [s\src\hotspot\share\interpreter\linkResolver.cpp, line 771]
Event: 7.128 Thread 0x00000196356213e0 Exception <a 'java/lang/NoSuchMethodError'{0x00000000ee9d9938}: 'java.lang.Object java.lang.invoke.DirectMethodHandle$Holder.invokeVirtual(java.lang.Object, java.lang.Object, java.lang.Object, java.lang.Object)'> (0x00000000ee9d9938) 
thrown [s\src\hotspot\share\interpreter\linkResolver.cpp, line 771]
Event: 7.398 Thread 0x00000196356213e0 Exception <a 'java/lang/NoSuchMethodError'{0x00000000ee6795a8}: 'java.lang.Object java.lang.invoke.DirectMethodHandle$Holder.newInvokeSpecial(java.lang.Object, java.lang.Object, java.lang.Object, java.lang.Object, java.lang.Object)'> (0x00000000ee6795a8) 
thrown [s\src\hotspot\share\interpreter\linkResolver.cpp, line 771]
Event: 7.461 Thread 0x00000196356213e0 Exception <a 'java/lang/NoSuchMethodError'{0x00000000ee423da0}: 'void java.lang.invoke.DirectMethodHandle$Holder.invokeSpecial(java.lang.Object, java.lang.Object, java.lang.Object, java.lang.Object, java.lang.Object, java.lang.Object)'> (0x00000000ee423da0) 
thrown [s\src\hotspot\share\interpreter\linkResolver.cpp, line 771]
Event: 7.485 Thread 0x00000196356213e0 Exception <a 'java/lang/NoSuchMethodError'{0x00000000ee48c608}: 'void java.lang.invoke.DirectMethodHandle$Holder.invokeSpecial(java.lang.Object, java.lang.Object, java.lang.Object, java.lang.Object, java.lang.Object, java.lang.Object, java.lang.Object)'> (0x00000000ee48c608) 
thrown [s\src\hotspot\share\interpreter\linkResolver.cpp, line 771]
Event: 7.486 Thread 0x00000196356213e0 Exception <a 'java/lang/NoSuchMethodError'{0x00000000ee494d98}: 'java.lang.Object java.lang.invoke.DirectMethodHandle$Holder.newInvokeSpecial(java.lang.Object, java.lang.Object, java.lang.Object, java.lang.Object, java.lang.Object, java.lang.Object)'> (0x00000000ee494d98) 
thrown [s\src\hotspot\share\interpreter\linkResolver.cpp, line 771]

VM Operations (20 events):
Event: 3.829 Executing VM operation: HandshakeAllThreads
Event: 3.829 Executing VM operation: HandshakeAllThreads done
Event: 4.833 Executing VM operation: Cleanup
Event: 4.833 Executing VM operation: Cleanup done
Event: 5.468 Executing VM operation: HandshakeAllThreads
Event: 5.468 Executing VM operation: HandshakeAllThreads done
Event: 5.475 Executing VM operation: HandshakeAllThreads
Event: 5.475 Executing VM operation: HandshakeAllThreads done
Event: 5.853 Executing VM operation: CollectForMetadataAllocation
Event: 5.897 Executing VM operation: CollectForMetadataAllocation done
Event: 5.916 Executing VM operation: G1Concurrent
Event: 5.919 Executing VM operation: G1Concurrent done
Event: 5.919 Executing VM operation: G1Concurrent
Event: 5.920 Executing VM operation: G1Concurrent done
Event: 6.383 Executing VM operation: HandshakeAllThreads
Event: 6.383 Executing VM operation: HandshakeAllThreads done
Event: 6.384 Executing VM operation: HandshakeAllThreads
Event: 6.384 Executing VM operation: HandshakeAllThreads done
Event: 7.395 Executing VM operation: Cleanup
Event: 7.398 Executing VM operation: Cleanup done

Events (20 events):
Event: 7.352 loading class java/beans/Introspector$1
Event: 7.352 loading class jdk/internal/access/JavaBeansAccess
Event: 7.352 loading class jdk/internal/access/JavaBeansAccess done
Event: 7.352 loading class java/beans/Introspector$1 done
Event: 7.369 loading class java/util/TreeMap$ValueIterator
Event: 7.369 loading class java/util/TreeMap$ValueIterator done
Event: 7.375 loading class sun/reflect/generics/tree/BottomSignature
Event: 7.375 loading class sun/reflect/generics/tree/BottomSignature done
Event: 7.375 loading class sun/reflect/generics/tree/Wildcard
Event: 7.375 loading class sun/reflect/generics/tree/Wildcard done
Event: 7.375 loading class sun/reflect/generics/reflectiveObjects/WildcardTypeImpl
Event: 7.375 loading class sun/reflect/generics/reflectiveObjects/WildcardTypeImpl done
Event: 7.393 loading class java/lang/annotation/ElementType
Event: 7.393 loading class java/lang/annotation/ElementType done
Event: 7.406 loading class java/lang/Deprecated
Event: 7.407 loading class java/lang/Deprecated done
Event: 7.408 loading class jdk/internal/vm/annotation/IntrinsicCandidate
Event: 7.408 loading class jdk/internal/vm/annotation/IntrinsicCandidate done
Event: 7.479 loading class java/util/ConcurrentModificationException
Event: 7.479 loading class java/util/ConcurrentModificationException done


Dynamic libraries:
0x00007ff67afb0000 - 0x00007ff67afba000 	C:\Program Files\JetBrains\IntelliJ IDEA Community Edition 2022.3.1\jbr\bin\java.exe
0x00007fff6c410000 - 0x00007fff6c624000 	C:\WINDOWS\SYSTEM32\ntdll.dll
0x00007fff31220000 - 0x00007fff31237000 	C:\Program Files\AVG\Antivirus\aswhook.dll
0x00007fff6b790000 - 0x00007fff6b852000 	C:\WINDOWS\System32\KERNEL32.DLL
0x00007fff69a10000 - 0x00007fff69dad000 	C:\WINDOWS\System32\KERNELBASE.dll
0x00007fff69e70000 - 0x00007fff69f81000 	C:\WINDOWS\System32\ucrtbase.dll
0x00007ffef1120000 - 0x00007ffef1137000 	C:\Program Files\JetBrains\IntelliJ IDEA Community Edition 2022.3.1\jbr\bin\jli.dll
0x00007fff3b730000 - 0x00007fff3b74b000 	C:\Program Files\JetBrains\IntelliJ IDEA Community Edition 2022.3.1\jbr\bin\VCRUNTIME140.dll
0x00007fff6c120000 - 0x00007fff6c2ca000 	C:\WINDOWS\System32\USER32.dll
0x00007fff5a500000 - 0x00007fff5a78e000 	C:\WINDOWS\WinSxS\amd64_microsoft.windows.common-controls_6595b64144ccf1df_6.0.22621.608_none_a9444ca7c10bb01d\COMCTL32.dll
0x00007fff69840000 - 0x00007fff69866000 	C:\WINDOWS\System32\win32u.dll
0x00007fff6b410000 - 0x00007fff6b4b7000 	C:\WINDOWS\System32\msvcrt.dll
0x00007fff6b700000 - 0x00007fff6b729000 	C:\WINDOWS\System32\GDI32.dll
0x00007fff698f0000 - 0x00007fff69a02000 	C:\WINDOWS\System32\gdi32full.dll
0x00007fff69f90000 - 0x00007fff6a02a000 	C:\WINDOWS\System32\msvcp_win.dll
0x00007fff6aaf0000 - 0x00007fff6ab22000 	C:\WINDOWS\System32\IMM32.DLL
0x00007fff4ddf0000 - 0x00007fff4ddfc000 	C:\Program Files\JetBrains\IntelliJ IDEA Community Edition 2022.3.1\jbr\bin\vcruntime140_1.dll
0x00007fff398d0000 - 0x00007fff3995d000 	C:\Program Files\JetBrains\IntelliJ IDEA Community Edition 2022.3.1\jbr\bin\msvcp140.dll
0x00007ffed3bd0000 - 0x00007ffed483b000 	C:\Program Files\JetBrains\IntelliJ IDEA Community Edition 2022.3.1\jbr\bin\server\jvm.dll
0x00007fff6be30000 - 0x00007fff6bede000 	C:\WINDOWS\System32\ADVAPI32.dll
0x00007fff6b4c0000 - 0x00007fff6b564000 	C:\WINDOWS\System32\sechost.dll
0x00007fff6b5e0000 - 0x00007fff6b6f5000 	C:\WINDOWS\System32\RPCRT4.dll
0x00007fff62910000 - 0x00007fff6291a000 	C:\WINDOWS\SYSTEM32\VERSION.dll
0x00007fff507c0000 - 0x00007fff507c9000 	C:\WINDOWS\SYSTEM32\WSOCK32.dll
0x00007fff62940000 - 0x00007fff62974000 	C:\WINDOWS\SYSTEM32\WINMM.dll
0x00007fff6c080000 - 0x00007fff6c0f1000 	C:\WINDOWS\System32\WS2_32.dll
0x00007fff68960000 - 0x00007fff68978000 	C:\WINDOWS\SYSTEM32\kernel.appcore.dll
0x00007fff63bb0000 - 0x00007fff63bba000 	C:\Program Files\JetBrains\IntelliJ IDEA Community Edition 2022.3.1\jbr\bin\jimage.dll
0x00007fff67300000 - 0x00007fff6752e000 	C:\WINDOWS\SYSTEM32\DBGHELP.DLL
0x00007fff6a5a0000 - 0x00007fff6a92a000 	C:\WINDOWS\System32\combase.dll
0x00007fff6a310000 - 0x00007fff6a3e7000 	C:\WINDOWS\System32\OLEAUT32.dll
0x00007fff54f40000 - 0x00007fff54f72000 	C:\WINDOWS\SYSTEM32\dbgcore.DLL
0x00007fff69870000 - 0x00007fff698eb000 	C:\WINDOWS\System32\bcryptPrimitives.dll
0x00007fff63b80000 - 0x00007fff63ba5000 	C:\Program Files\JetBrains\IntelliJ IDEA Community Edition 2022.3.1\jbr\bin\java.dll
0x00007fff63b60000 - 0x00007fff63b78000 	C:\Program Files\JetBrains\IntelliJ IDEA Community Edition 2022.3.1\jbr\bin\zip.dll
0x00007fff6ab30000 - 0x00007fff6b310000 	C:\WINDOWS\System32\SHELL32.dll
0x00007fff67840000 - 0x00007fff68105000 	C:\WINDOWS\SYSTEM32\windows.storage.dll
0x00007fff67700000 - 0x00007fff6783e000 	C:\WINDOWS\SYSTEM32\wintypes.dll
0x00007fff6b310000 - 0x00007fff6b401000 	C:\WINDOWS\System32\SHCORE.dll
0x00007fff6b730000 - 0x00007fff6b78e000 	C:\WINDOWS\System32\shlwapi.dll
0x00007fff69770000 - 0x00007fff69791000 	C:\WINDOWS\SYSTEM32\profapi.dll
0x00007fff63b40000 - 0x00007fff63b59000 	C:\Program Files\JetBrains\IntelliJ IDEA Community Edition 2022.3.1\jbr\bin\net.dll
0x00007fff620e0000 - 0x00007fff6220f000 	C:\WINDOWS\SYSTEM32\WINHTTP.dll
0x00007fff68dc0000 - 0x00007fff68e29000 	C:\WINDOWS\system32\mswsock.dll
0x00007fff63b20000 - 0x00007fff63b36000 	C:\Program Files\JetBrains\IntelliJ IDEA Community Edition 2022.3.1\jbr\bin\nio.dll
0x00007fff63b10000 - 0x00007fff63b20000 	C:\Program Files\JetBrains\IntelliJ IDEA Community Edition 2022.3.1\jbr\bin\verify.dll
0x00007fff4de10000 - 0x00007fff4de37000 	C:\Users\k\.gradle\native\e1d6ef7f7dcc3fd88c89a11ec53ec762bb8ba0a96d01ffa2cd45eb1d1d8dd5c5\windows-amd64\native-platform.dll
0x00007fff39780000 - 0x00007fff398c4000 	C:\Users\k\.gradle\native\5664cfc778a61ccfe75a443a1ab52a65af34e5dc3c78e0209fed803814484fcb\windows-amd64\native-platform-file-events.dll
0x00007fff63af0000 - 0x00007fff63af9000 	C:\Program Files\JetBrains\IntelliJ IDEA Community Edition 2022.3.1\jbr\bin\management.dll
0x00007fff63a40000 - 0x00007fff63a4b000 	C:\Program Files\JetBrains\IntelliJ IDEA Community Edition 2022.3.1\jbr\bin\management_ext.dll
0x00007fff6be20000 - 0x00007fff6be28000 	C:\WINDOWS\System32\PSAPI.DLL
0x00007fff69020000 - 0x00007fff6903b000 	C:\WINDOWS\SYSTEM32\CRYPTSP.dll
0x00007fff688d0000 - 0x00007fff68905000 	C:\WINDOWS\system32\rsaenh.dll
0x00007fff68e90000 - 0x00007fff68eb8000 	C:\WINDOWS\SYSTEM32\USERENV.dll
0x00007fff69200000 - 0x00007fff69228000 	C:\WINDOWS\SYSTEM32\bcrypt.dll
0x00007fff69040000 - 0x00007fff6904c000 	C:\WINDOWS\SYSTEM32\CRYPTBASE.dll
0x00007fff683d0000 - 0x00007fff683fd000 	C:\WINDOWS\SYSTEM32\IPHLPAPI.DLL
0x00007fff6c2d0000 - 0x00007fff6c2d9000 	C:\WINDOWS\System32\NSI.dll
0x00007fff62610000 - 0x00007fff62629000 	C:\WINDOWS\SYSTEM32\dhcpcsvc6.DLL
0x00007fff619a0000 - 0x00007fff619bf000 	C:\WINDOWS\SYSTEM32\dhcpcsvc.DLL
0x00007fff68440000 - 0x00007fff68532000 	C:\WINDOWS\SYSTEM32\DNSAPI.dll
0x00007ffefa410000 - 0x00007ffefa41e000 	C:\Program Files\JetBrains\IntelliJ IDEA Community Edition 2022.3.1\jbr\bin\sunmscapi.dll
0x00007fff6a0a0000 - 0x00007fff6a206000 	C:\WINDOWS\System32\CRYPT32.dll
0x00007fff691d0000 - 0x00007fff691fd000 	C:\WINDOWS\SYSTEM32\ncrypt.dll
0x00007fff69190000 - 0x00007fff691c7000 	C:\WINDOWS\SYSTEM32\NTASN1.dll
0x00007fff00f20000 - 0x00007fff00f28000 	C:\WINDOWS\system32\wshunix.dll

dbghelp: loaded successfully - version: 4.0.5 - missing functions: none
symbol engine: initialized successfully - sym options: 0x614 - pdb path: .;C:\Program Files\JetBrains\IntelliJ IDEA Community Edition 2022.3.1\jbr\bin;C:\WINDOWS\SYSTEM32;C:\Program Files\AVG\Antivirus;C:\WINDOWS\WinSxS\amd64_microsoft.windows.common-controls_6595b64144ccf1df_6.0.22621.608_none_a9444ca7c10bb01d;C:\Program Files\JetBrains\IntelliJ IDEA Community Edition 2022.3.1\jbr\bin\server;C:\Users\k\.gradle\native\e1d6ef7f7dcc3fd88c89a11ec53ec762bb8ba0a96d01ffa2cd45eb1d1d8dd5c5\windows-amd64;C:\Users\k\.gradle\native\5664cfc778a61ccfe75a443a1ab52a65af34e5dc3c78e0209fed803814484fcb\windows-amd64

VM Arguments:
jvm_args: --add-opens=java.base/java.util=ALL-UNNAMED --add-opens=java.base/java.lang=ALL-UNNAMED --add-opens=java.base/java.lang.invoke=ALL-UNNAMED --add-opens=java.base/java.util=ALL-UNNAMED --add-opens=java.prefs/java.util.prefs=ALL-UNNAMED --add-opens=java.prefs/java.util.prefs=ALL-UNNAMED --add-opens=java.base/java.nio.charset=ALL-UNNAMED --add-opens=java.base/java.net=ALL-UNNAMED --add-opens=java.base/java.util.concurrent.atomic=ALL-UNNAMED -XX:MaxMetaspaceSize=256m -XX:+HeapDumpOnOutOfMemoryError -Xms256m -Xmx512m -Dfile.encoding=windows-1250 -Duser.country=PL -Duser.language=pl -Duser.variant 
java_command: org.gradle.launcher.daemon.bootstrap.GradleDaemon 7.3
java_class_path (initial): C:\Users\k\.gradle\wrapper\dists\gradle-7.3-bin\ddwl0k7mt9g6ak16i1m905vyv\gradle-7.3\lib\gradle-launcher-7.3.jar
Launcher Type: SUN_STANDARD

[Global flags]
     intx CICompilerCount                          = 12                                        {product} {ergonomic}
   size_t CompressedClassSpaceSize                 = 218103808                                 {product} {ergonomic}
     uint ConcGCThreads                            = 3                                         {product} {ergonomic}
     uint G1ConcRefinementThreads                  = 13                                        {product} {ergonomic}
   size_t G1HeapRegionSize                         = 1048576                                   {product} {ergonomic}
    uintx GCDrainStackTargetSize                   = 64                                        {product} {ergonomic}
     bool HeapDumpOnOutOfMemoryError               = true                                   {manageable} {command line}
   size_t InitialHeapSize                          = 268435456                                 {product} {command line}
   size_t MarkStackSize                            = 4194304                                   {product} {ergonomic}
   size_t MaxHeapSize                              = 536870912                                 {product} {command line}
   size_t MaxMetaspaceSize                         = 268435456                                 {product} {command line}
   size_t MaxNewSize                               = 321912832                                 {product} {ergonomic}
   size_t MinHeapDeltaBytes                        = 1048576                                   {product} {ergonomic}
   size_t MinHeapSize                              = 268435456                                 {product} {command line}
    uintx NonNMethodCodeHeapSize                   = 7602480                                {pd product} {ergonomic}
    uintx NonProfiledCodeHeapSize                  = 122027880                              {pd product} {ergonomic}
    uintx ProfiledCodeHeapSize                     = 122027880                              {pd product} {ergonomic}
    uintx ReservedCodeCacheSize                    = 251658240                              {pd product} {ergonomic}
     bool SegmentedCodeCache                       = true                                      {product} {ergonomic}
   size_t SoftMaxHeapSize                          = 536870912                              {manageable} {ergonomic}
     bool UseCompressedClassPointers               = true                           {product lp64_product} {ergonomic}
     bool UseCompressedOops                        = true                           {product lp64_product} {ergonomic}
     bool UseG1GC                                  = true                                      {product} {ergonomic}
     bool UseLargePagesIndividualAllocation        = false                                  {pd product} {ergonomic}

Logging:
Log output configuration:
 #0: stdout all=warning uptime,level,tags
 #1: stderr all=off uptime,level,tags

Environment Variables:
PATH=C:\Program Files\Microsoft MPI\Bin\;C:\Program Files\PerkinElmerInformatics\ChemOffice2020\ChemScript\Lib;C:\Program Files (x86)\Common Files\Oracle\Java\javapath;C:\Windows\system32;C:\Windows;C:\Windows\System32\Wbem;C:\Windows\System32\WindowsPowerShell\v1.0\;C:\Windows\System32\OpenSSH\;C:\Program Files (x86)\NVIDIA Corporation\PhysX\Common;C:\Program Files\NVIDIA Corporation\NVIDIA NvDLISR;C:\Orca;C:\AvogadroOrca4.2.1.current\Avogadro\bin;C:\Program Files\Git\cmd;C:\WINDOWS\system32;C:\WINDOWS;C:\WINDOWS\System32\Wbem;C:\WINDOWS\System32\WindowsPowerShell\v1.0\;C:\WINDOWS\System32\OpenSSH\;C:\gnuplot\bin;C:\Orca5;C:\Program Files\AutoFirma\AutoFirma;C:\Program Files\Docker\Docker\resources\bin;C:\ProgramData\DockerDesktop\version-bin;C:\ProgramData\chocolatey\bin;;C:\minikube;C:\WINDOWS\system32;C:\WINDOWS;C:\WINDOWS\System32\Wbem;C:\WINDOWS\System32\WindowsPowerShell\v1.0\;C:\WINDOWS\System32\OpenSSH\;C:\Program Files (x86)\Yarn\bin\;C:\Program Files\nodejs\;C:\kube;C:\Users\k\AppData\Local\Programs\Python\Python39\Scripts\;C:\Users\k\AppData\Local\Programs\Python\Python39\;C:\Program Files\OpenBabel-3.1.1;C:\Users\k\AppData\Local\Microsoft\WindowsApps;C:\Users\k\AppData\Local\Programs\Microsoft VS Code\bin;C:\Program Files\JetBrains\IntelliJ IDEA Community Edition 2022.3.1\bin;;C:\Exercism;C:\Users\k\AppData\Local\Yarn\bin;C:\Users\k\AppData\Roaming\npm
USERNAME=k
OS=Windows_NT
PROCESSOR_IDENTIFIER=AMD64 Family 23 Model 96 Stepping 1, AuthenticAMD
TMP=C:\Users\k\AppData\Local\Temp
TEMP=C:\Users\k\AppData\Local\Temp



---------------  S Y S T E M  ---------------

OS:
 Windows 11 , 64 bit Build 22621 (10.0.22621.755)
OS uptime: 0 days 0:02 hours
Hyper-V role detected

CPU: total 16 (initial active 16) (16 cores per cpu, 2 threads per core) family 23 model 96 stepping 1 microcode 0x0, cx8, cmov, fxsr, ht, mmx, 3dnowpref, sse, sse2, sse3, ssse3, sse4a, sse4.1, sse4.2, popcnt, lzcnt, tsc, tscinvbit, avx, avx2, aes, clmul, bmi1, bmi2, adx, sha, fma, vzeroupper, clflush, clflushopt, hv

Memory: 4k page, system-wide physical 32125M (23040M free)
TotalPageFile size 34173M (AvailPageFile size 19382M)
current process WorkingSet (physical memory assigned to process): 175M, peak: 177M
current process commit charge ("private bytes"): 423M, peak: 426M

vm_info: OpenJDK 64-Bit Server VM (17.0.5+1-b653.23) for windows-amd64 JRE (17.0.5+1-b653.23), built on 2022-12-12 by "builduser" with MS VC++ 16.10 / 16.11 (VS2019)

END.
